{"C:\\Users\\andre\\Desktop\\getrepo\\client-engagement-portal-front\\src\\App.tsx": {"path":"C:\\Users\\andre\\Desktop\\getrepo\\client-engagement-portal-front\\src\\App.tsx","statementMap":{"0":{"start":{"line":14,"column":0},"end":{"line":14,"column":29}},"1":{"start":{"line":17,"column":4},"end":{"line":32,"column":6}},"2":{"start":{"line":22,"column":63},"end":{"line":22,"column":87}}},"fnMap":{"0":{"name":"App","decl":{"start":{"line":16,"column":9},"end":{"line":16,"column":12}},"loc":{"start":{"line":16,"column":15},"end":{"line":33,"column":1}},"line":16},"1":{"name":"(anonymous_1)","decl":{"start":{"line":22,"column":57},"end":{"line":22,"column":58}},"loc":{"start":{"line":22,"column":63},"end":{"line":22,"column":87}},"line":22}},"branchMap":{},"s":{"0":1,"1":1,"2":0},"f":{"0":1,"1":0},"b":{},"_coverageSchema":"1a1c01bbd47fc00a2c39e90264f33305004495a9","hash":"c85d7c3369f109c45274fe44044ae5d7ca646b91"}
,"C:\\Users\\andre\\Desktop\\getrepo\\client-engagement-portal-front\\src\\Store.ts": {"path":"C:\\Users\\andre\\Desktop\\getrepo\\client-engagement-portal-front\\src\\Store.ts","statementMap":{"0":{"start":{"line":5,"column":25},"end":{"line":5,"column":88}},"1":{"start":{"line":11,"column":39},"end":{"line":11,"column":105}}},"fnMap":{},"branchMap":{"0":{"loc":{"start":{"line":5,"column":25},"end":{"line":5,"column":88}},"type":"binary-expr","locations":[{"start":{"line":5,"column":25},"end":{"line":5,"column":77}},{"start":{"line":5,"column":81},"end":{"line":5,"column":88}}],"line":5}},"s":{"0":1,"1":1},"f":{},"b":{"0":[1,1]},"_coverageSchema":"1a1c01bbd47fc00a2c39e90264f33305004495a9","hash":"ace96f78b5edc2392b4707b252dd71fa77bea984"}
,"C:\\Users\\andre\\Desktop\\getrepo\\client-engagement-portal-front\\src\\aws-exports.js": {"path":"C:\\Users\\andre\\Desktop\\getrepo\\client-engagement-portal-front\\src\\aws-exports.js","statementMap":{"0":{"start":{"line":4,"column":18},"end":{"line":11,"column":1}}},"fnMap":{},"branchMap":{},"s":{"0":1},"f":{},"b":{},"_coverageSchema":"1a1c01bbd47fc00a2c39e90264f33305004495a9","hash":"19009dbd1c7a62633b679279e747234249b8c260"}
,"C:\\Users\\andre\\Desktop\\getrepo\\client-engagement-portal-front\\src\\reportWebVitals.ts": {"path":"C:\\Users\\andre\\Desktop\\getrepo\\client-engagement-portal-front\\src\\reportWebVitals.ts","statementMap":{"0":{"start":{"line":3,"column":24},"end":{"line":13,"column":1}},"1":{"start":{"line":4,"column":2},"end":{"line":12,"column":3}},"2":{"start":{"line":5,"column":4},"end":{"line":11,"column":7}},"3":{"start":{"line":6,"column":6},"end":{"line":6,"column":26}},"4":{"start":{"line":7,"column":6},"end":{"line":7,"column":26}},"5":{"start":{"line":8,"column":6},"end":{"line":8,"column":26}},"6":{"start":{"line":9,"column":6},"end":{"line":9,"column":26}},"7":{"start":{"line":10,"column":6},"end":{"line":10,"column":27}}},"fnMap":{"0":{"name":"(anonymous_0)","decl":{"start":{"line":3,"column":24},"end":{"line":3,"column":25}},"loc":{"start":{"line":3,"column":57},"end":{"line":13,"column":1}},"line":3},"1":{"name":"(anonymous_1)","decl":{"start":{"line":5,"column":30},"end":{"line":5,"column":31}},"loc":{"start":{"line":5,"column":79},"end":{"line":11,"column":5}},"line":5}},"branchMap":{"0":{"loc":{"start":{"line":4,"column":2},"end":{"line":12,"column":3}},"type":"if","locations":[{"start":{"line":4,"column":2},"end":{"line":12,"column":3}},{"start":{"line":4,"column":2},"end":{"line":12,"column":3}}],"line":4},"1":{"loc":{"start":{"line":4,"column":6},"end":{"line":4,"column":52}},"type":"binary-expr","locations":[{"start":{"line":4,"column":6},"end":{"line":4,"column":17}},{"start":{"line":4,"column":21},"end":{"line":4,"column":52}}],"line":4}},"s":{"0":0,"1":0,"2":0,"3":0,"4":0,"5":0,"6":0,"7":0},"f":{"0":0,"1":0},"b":{"0":[0,0],"1":[0,0]}}
,"C:\\Users\\andre\\Desktop\\getrepo\\client-engagement-portal-front\\src\\_reducers\\BatchReducer.ts": {"path":"C:\\Users\\andre\\Desktop\\getrepo\\client-engagement-portal-front\\src\\_reducers\\BatchReducer.ts","statementMap":{"0":{"start":{"line":12,"column":45},"end":{"line":14,"column":1}},"1":{"start":{"line":26,"column":28},"end":{"line":39,"column":1}},"2":{"start":{"line":27,"column":4},"end":{"line":38,"column":5}},"3":{"start":{"line":30,"column":12},"end":{"line":35,"column":13}},"4":{"start":{"line":31,"column":16},"end":{"line":31,"column":44}},"5":{"start":{"line":34,"column":16},"end":{"line":34,"column":34}},"6":{"start":{"line":37,"column":12},"end":{"line":37,"column":30}}},"fnMap":{"0":{"name":"(anonymous_0)","decl":{"start":{"line":26,"column":28},"end":{"line":26,"column":29}},"loc":{"start":{"line":26,"column":88},"end":{"line":39,"column":1}},"line":26}},"branchMap":{"0":{"loc":{"start":{"line":26,"column":29},"end":{"line":26,"column":71}},"type":"default-arg","locations":[{"start":{"line":26,"column":54},"end":{"line":26,"column":71}}],"line":26},"1":{"loc":{"start":{"line":27,"column":4},"end":{"line":38,"column":5}},"type":"switch","locations":[{"start":{"line":29,"column":8},"end":{"line":35,"column":13}},{"start":{"line":36,"column":8},"end":{"line":37,"column":30}}],"line":27},"2":{"loc":{"start":{"line":30,"column":12},"end":{"line":35,"column":13}},"type":"if","locations":[{"start":{"line":30,"column":12},"end":{"line":35,"column":13}},{"start":{"line":30,"column":12},"end":{"line":35,"column":13}}],"line":30}},"s":{"0":1,"1":1,"2":3,"3":0,"4":0,"5":0,"6":3},"f":{"0":3},"b":{"0":[3],"1":[0,3],"2":[0,0]},"_coverageSchema":"1a1c01bbd47fc00a2c39e90264f33305004495a9","hash":"915a2a92c40acf9591bbf7154d24c1055b2e9b02"}
,"C:\\Users\\andre\\Desktop\\getrepo\\client-engagement-portal-front\\src\\_reducers\\NotificationReducer.ts": {"path":"C:\\Users\\andre\\Desktop\\getrepo\\client-engagement-portal-front\\src\\_reducers\\NotificationReducer.ts","statementMap":{"0":{"start":{"line":11,"column":40},"end":{"line":13,"column":1}},"1":{"start":{"line":25,"column":4},"end":{"line":59,"column":1}},"2":{"start":{"line":26,"column":8},"end":{"line":58,"column":9}},"3":{"start":{"line":34,"column":16},"end":{"line":34,"column":45}},"4":{"start":{"line":36,"column":16},"end":{"line":37,"column":49}},"5":{"start":{"line":37,"column":20},"end":{"line":37,"column":49}},"6":{"start":{"line":39,"column":16},"end":{"line":44,"column":18}},"7":{"start":{"line":46,"column":16},"end":{"line":46,"column":29}},"8":{"start":{"line":48,"column":16},"end":{"line":49,"column":49}},"9":{"start":{"line":49,"column":20},"end":{"line":49,"column":49}},"10":{"start":{"line":51,"column":30},"end":{"line":51,"column":113}},"11":{"start":{"line":51,"column":88},"end":{"line":51,"column":112}},"12":{"start":{"line":53,"column":16},"end":{"line":53,"column":83}},"13":{"start":{"line":55,"column":16},"end":{"line":55,"column":29}},"14":{"start":{"line":57,"column":16},"end":{"line":57,"column":29}}},"fnMap":{"0":{"name":"(anonymous_0)","decl":{"start":{"line":25,"column":4},"end":{"line":25,"column":5}},"loc":{"start":{"line":25,"column":113},"end":{"line":59,"column":1}},"line":25},"1":{"name":"(anonymous_1)","decl":{"start":{"line":51,"column":61},"end":{"line":51,"column":62}},"loc":{"start":{"line":51,"column":88},"end":{"line":51,"column":112}},"line":51}},"branchMap":{"0":{"loc":{"start":{"line":25,"column":5},"end":{"line":25,"column":44}},"type":"default-arg","locations":[{"start":{"line":25,"column":32},"end":{"line":25,"column":44}}],"line":25},"1":{"loc":{"start":{"line":26,"column":8},"end":{"line":58,"column":9}},"type":"switch","locations":[{"start":{"line":30,"column":12},"end":{"line":34,"column":45}},{"start":{"line":35,"column":12},"end":{"line":46,"column":29}},{"start":{"line":47,"column":12},"end":{"line":55,"column":29}},{"start":{"line":56,"column":12},"end":{"line":57,"column":29}}],"line":26},"2":{"loc":{"start":{"line":36,"column":16},"end":{"line":37,"column":49}},"type":"if","locations":[{"start":{"line":36,"column":16},"end":{"line":37,"column":49}},{"start":{"line":36,"column":16},"end":{"line":37,"column":49}}],"line":36},"3":{"loc":{"start":{"line":48,"column":16},"end":{"line":49,"column":49}},"type":"if","locations":[{"start":{"line":48,"column":16},"end":{"line":49,"column":49}},{"start":{"line":48,"column":16},"end":{"line":49,"column":49}}],"line":48}},"s":{"0":2,"1":2,"2":6,"3":0,"4":1,"5":0,"6":1,"7":1,"8":1,"9":0,"10":1,"11":1,"12":1,"13":1,"14":4},"f":{"0":6,"1":1},"b":{"0":[5],"1":[0,1,1,4],"2":[0,1],"3":[0,1]},"_coverageSchema":"1a1c01bbd47fc00a2c39e90264f33305004495a9","hash":"82c4a61b2f5eef992ed2043d596981df8bd49c66"}
,"C:\\Users\\andre\\Desktop\\getrepo\\client-engagement-portal-front\\src\\_reducers\\UserReducer.ts": {"path":"C:\\Users\\andre\\Desktop\\getrepo\\client-engagement-portal-front\\src\\_reducers\\UserReducer.ts","statementMap":{"0":{"start":{"line":23,"column":32},"end":{"line":23,"column":43}},"1":{"start":{"line":32,"column":27},"end":{"line":47,"column":1}},"2":{"start":{"line":33,"column":4},"end":{"line":46,"column":5}},"3":{"start":{"line":35,"column":12},"end":{"line":38,"column":60}},"4":{"start":{"line":36,"column":16},"end":{"line":36,"column":36}},"5":{"start":{"line":38,"column":16},"end":{"line":38,"column":60}},"6":{"start":{"line":40,"column":12},"end":{"line":43,"column":61}},"7":{"start":{"line":41,"column":16},"end":{"line":41,"column":36}},"8":{"start":{"line":43,"column":16},"end":{"line":43,"column":61}},"9":{"start":{"line":45,"column":12},"end":{"line":45,"column":25}}},"fnMap":{"0":{"name":"(anonymous_0)","decl":{"start":{"line":32,"column":27},"end":{"line":32,"column":28}},"loc":{"start":{"line":32,"column":112},"end":{"line":47,"column":1}},"line":32}},"branchMap":{"0":{"loc":{"start":{"line":32,"column":28},"end":{"line":32,"column":59}},"type":"default-arg","locations":[{"start":{"line":32,"column":47},"end":{"line":32,"column":59}}],"line":32},"1":{"loc":{"start":{"line":33,"column":4},"end":{"line":46,"column":5}},"type":"switch","locations":[{"start":{"line":34,"column":8},"end":{"line":38,"column":60}},{"start":{"line":39,"column":8},"end":{"line":43,"column":61}},{"start":{"line":44,"column":8},"end":{"line":45,"column":25}}],"line":33},"2":{"loc":{"start":{"line":35,"column":12},"end":{"line":38,"column":60}},"type":"if","locations":[{"start":{"line":35,"column":12},"end":{"line":38,"column":60}},{"start":{"line":35,"column":12},"end":{"line":38,"column":60}}],"line":35},"3":{"loc":{"start":{"line":40,"column":12},"end":{"line":43,"column":61}},"type":"if","locations":[{"start":{"line":40,"column":12},"end":{"line":43,"column":61}},{"start":{"line":40,"column":12},"end":{"line":43,"column":61}}],"line":40}},"s":{"0":1,"1":1,"2":3,"3":0,"4":0,"5":0,"6":0,"7":0,"8":0,"9":3},"f":{"0":3},"b":{"0":[3],"1":[0,0,3],"2":[0,0],"3":[0,0]},"_coverageSchema":"1a1c01bbd47fc00a2c39e90264f33305004495a9","hash":"29e567aa9344d38a95b471086887c7744cdf4417"}
,"C:\\Users\\andre\\Desktop\\getrepo\\client-engagement-portal-front\\src\\_reducers\\index.ts": {"path":"C:\\Users\\andre\\Desktop\\getrepo\\client-engagement-portal-front\\src\\_reducers\\index.ts","statementMap":{"0":{"start":{"line":15,"column":62},"end":{"line":20,"column":2}}},"fnMap":{},"branchMap":{},"s":{"0":1},"f":{},"b":{},"_coverageSchema":"1a1c01bbd47fc00a2c39e90264f33305004495a9","hash":"586ba4a70a9d18965d0a6979c7fcf9101b232bfe"}
,"C:\\Users\\andre\\Desktop\\getrepo\\client-engagement-portal-front\\src\\actions\\BatchCardActions.ts": {"path":"C:\\Users\\andre\\Desktop\\getrepo\\client-engagement-portal-front\\src\\actions\\BatchCardActions.ts","statementMap":{"0":{"start":{"line":1,"column":27},"end":{"line":1,"column":40}},"1":{"start":{"line":3,"column":29},"end":{"line":6,"column":2}},"2":{"start":{"line":3,"column":50},"end":{"line":6,"column":1}}},"fnMap":{"0":{"name":"(anonymous_0)","decl":{"start":{"line":3,"column":29},"end":{"line":3,"column":30}},"loc":{"start":{"line":3,"column":50},"end":{"line":6,"column":1}},"line":3}},"branchMap":{},"s":{"0":1,"1":1,"2":0},"f":{"0":0},"b":{},"_coverageSchema":"1a1c01bbd47fc00a2c39e90264f33305004495a9","hash":"c07ee1e59b38b1e7567d6c66a43d298f182fbc2c"}
,"C:\\Users\\andre\\Desktop\\getrepo\\client-engagement-portal-front\\src\\components\\BatchCard\\BatchCard.tsx": {"path":"C:\\Users\\andre\\Desktop\\getrepo\\client-engagement-portal-front\\src\\components\\BatchCard\\BatchCard.tsx","statementMap":{"0":{"start":{"line":26,"column":42},"end":{"line":98,"column":1}},"1":{"start":{"line":28,"column":56},"end":{"line":28,"column":71}},"2":{"start":{"line":36,"column":30},"end":{"line":44,"column":5}},"3":{"start":{"line":37,"column":8},"end":{"line":37,"column":104}},"4":{"start":{"line":43,"column":8},"end":{"line":43,"column":36}},"5":{"start":{"line":47,"column":16},"end":{"line":47,"column":18}},"6":{"start":{"line":48,"column":4},"end":{"line":79,"column":5}},"7":{"start":{"line":50,"column":8},"end":{"line":50,"column":25}},"8":{"start":{"line":52,"column":9},"end":{"line":79,"column":5}},"9":{"start":{"line":54,"column":8},"end":{"line":54,"column":25}},"10":{"start":{"line":56,"column":9},"end":{"line":79,"column":5}},"11":{"start":{"line":58,"column":8},"end":{"line":58,"column":25}},"12":{"start":{"line":60,"column":9},"end":{"line":79,"column":5}},"13":{"start":{"line":62,"column":8},"end":{"line":62,"column":31}},"14":{"start":{"line":64,"column":9},"end":{"line":79,"column":5}},"15":{"start":{"line":66,"column":8},"end":{"line":66,"column":24}},"16":{"start":{"line":68,"column":9},"end":{"line":79,"column":5}},"17":{"start":{"line":70,"column":8},"end":{"line":70,"column":26}},"18":{"start":{"line":72,"column":9},"end":{"line":79,"column":5}},"19":{"start":{"line":74,"column":8},"end":{"line":74,"column":24}},"20":{"start":{"line":76,"column":9},"end":{"line":79,"column":5}},"21":{"start":{"line":78,"column":8},"end":{"line":78,"column":27}},"22":{"start":{"line":81,"column":4},"end":{"line":97,"column":5}},"23":{"start":{"line":92,"column":82},"end":{"line":92,"column":106}}},"fnMap":{"0":{"name":"(anonymous_0)","decl":{"start":{"line":26,"column":42},"end":{"line":26,"column":43}},"loc":{"start":{"line":26,"column":60},"end":{"line":98,"column":1}},"line":26},"1":{"name":"(anonymous_1)","decl":{"start":{"line":36,"column":30},"end":{"line":36,"column":31}},"loc":{"start":{"line":36,"column":79},"end":{"line":44,"column":5}},"line":36},"2":{"name":"(anonymous_2)","decl":{"start":{"line":92,"column":33},"end":{"line":92,"column":34}},"loc":{"start":{"line":92,"column":82},"end":{"line":92,"column":106}},"line":92}},"branchMap":{"0":{"loc":{"start":{"line":48,"column":4},"end":{"line":79,"column":5}},"type":"if","locations":[{"start":{"line":48,"column":4},"end":{"line":79,"column":5}},{"start":{"line":48,"column":4},"end":{"line":79,"column":5}}],"line":48},"1":{"loc":{"start":{"line":52,"column":9},"end":{"line":79,"column":5}},"type":"if","locations":[{"start":{"line":52,"column":9},"end":{"line":79,"column":5}},{"start":{"line":52,"column":9},"end":{"line":79,"column":5}}],"line":52},"2":{"loc":{"start":{"line":56,"column":9},"end":{"line":79,"column":5}},"type":"if","locations":[{"start":{"line":56,"column":9},"end":{"line":79,"column":5}},{"start":{"line":56,"column":9},"end":{"line":79,"column":5}}],"line":56},"3":{"loc":{"start":{"line":60,"column":9},"end":{"line":79,"column":5}},"type":"if","locations":[{"start":{"line":60,"column":9},"end":{"line":79,"column":5}},{"start":{"line":60,"column":9},"end":{"line":79,"column":5}}],"line":60},"4":{"loc":{"start":{"line":64,"column":9},"end":{"line":79,"column":5}},"type":"if","locations":[{"start":{"line":64,"column":9},"end":{"line":79,"column":5}},{"start":{"line":64,"column":9},"end":{"line":79,"column":5}}],"line":64},"5":{"loc":{"start":{"line":68,"column":9},"end":{"line":79,"column":5}},"type":"if","locations":[{"start":{"line":68,"column":9},"end":{"line":79,"column":5}},{"start":{"line":68,"column":9},"end":{"line":79,"column":5}}],"line":68},"6":{"loc":{"start":{"line":72,"column":9},"end":{"line":79,"column":5}},"type":"if","locations":[{"start":{"line":72,"column":9},"end":{"line":79,"column":5}},{"start":{"line":72,"column":9},"end":{"line":79,"column":5}}],"line":72},"7":{"loc":{"start":{"line":76,"column":9},"end":{"line":79,"column":5}},"type":"if","locations":[{"start":{"line":76,"column":9},"end":{"line":79,"column":5}},{"start":{"line":76,"column":9},"end":{"line":79,"column":5}}],"line":76},"8":{"loc":{"start":{"line":94,"column":13},"end":{"line":94,"column":66}},"type":"cond-expr","locations":[{"start":{"line":94,"column":34},"end":{"line":94,"column":58}},{"start":{"line":94,"column":61},"end":{"line":94,"column":66}}],"line":94}},"s":{"0":2,"1":3,"2":3,"3":0,"4":0,"5":3,"6":3,"7":3,"8":0,"9":0,"10":0,"11":0,"12":0,"13":0,"14":0,"15":0,"16":0,"17":0,"18":0,"19":0,"20":0,"21":0,"22":3,"23":0},"f":{"0":3,"1":0,"2":0},"b":{"0":[3,0],"1":[0,0],"2":[0,0],"3":[0,0],"4":[0,0],"5":[0,0],"6":[0,0],"7":[0,0],"8":[0,3]},"_coverageSchema":"1a1c01bbd47fc00a2c39e90264f33305004495a9","hash":"44e07ffc1f4a850736bab44aa8658238fb52f1f6"}
,"C:\\Users\\andre\\Desktop\\getrepo\\client-engagement-portal-front\\src\\components\\BatchForms\\BatchForms.tsx": {"path":"C:\\Users\\andre\\Desktop\\getrepo\\client-engagement-portal-front\\src\\components\\BatchForms\\BatchForms.tsx","statementMap":{"0":{"start":{"line":10,"column":36},"end":{"line":162,"column":1}},"1":{"start":{"line":12,"column":36},"end":{"line":12,"column":51}},"2":{"start":{"line":13,"column":40},"end":{"line":13,"column":55}},"3":{"start":{"line":15,"column":22},"end":{"line":15,"column":50}},"4":{"start":{"line":15,"column":28},"end":{"line":15,"column":50}},"5":{"start":{"line":16,"column":24},"end":{"line":16,"column":56}},"6":{"start":{"line":16,"column":30},"end":{"line":16,"column":56}},"7":{"start":{"line":18,"column":38},"end":{"line":18,"column":55}},"8":{"start":{"line":27,"column":23},"end":{"line":42,"column":7}},"9":{"start":{"line":28,"column":25},"end":{"line":28,"column":110}},"10":{"start":{"line":29,"column":24},"end":{"line":29,"column":26}},"11":{"start":{"line":30,"column":8},"end":{"line":35,"column":7}},"12":{"start":{"line":32,"column":21},"end":{"line":32,"column":25}},"13":{"start":{"line":33,"column":23},"end":{"line":33,"column":29}},"14":{"start":{"line":34,"column":10},"end":{"line":34,"column":36}},"15":{"start":{"line":41,"column":6},"end":{"line":41,"column":35}},"16":{"start":{"line":49,"column":6},"end":{"line":51,"column":12}},"17":{"start":{"line":50,"column":8},"end":{"line":50,"column":21}},"18":{"start":{"line":54,"column":4},"end":{"line":161,"column":6}},"19":{"start":{"line":73,"column":99},"end":{"line":73,"column":117}},"20":{"start":{"line":84,"column":32},"end":{"line":84,"column":76}},"21":{"start":{"line":91,"column":99},"end":{"line":91,"column":117}},"22":{"start":{"line":102,"column":32},"end":{"line":102,"column":89}},"23":{"start":{"line":128,"column":32},"end":{"line":128,"column":76}},"24":{"start":{"line":152,"column":32},"end":{"line":152,"column":76}}},"fnMap":{"0":{"name":"(anonymous_0)","decl":{"start":{"line":10,"column":36},"end":{"line":10,"column":37}},"loc":{"start":{"line":10,"column":42},"end":{"line":162,"column":1}},"line":10},"1":{"name":"(anonymous_1)","decl":{"start":{"line":15,"column":22},"end":{"line":15,"column":23}},"loc":{"start":{"line":15,"column":28},"end":{"line":15,"column":50}},"line":15},"2":{"name":"(anonymous_2)","decl":{"start":{"line":16,"column":24},"end":{"line":16,"column":25}},"loc":{"start":{"line":16,"column":30},"end":{"line":16,"column":56}},"line":16},"3":{"name":"(anonymous_3)","decl":{"start":{"line":27,"column":23},"end":{"line":27,"column":24}},"loc":{"start":{"line":27,"column":35},"end":{"line":42,"column":7}},"line":27},"4":{"name":"(anonymous_4)","decl":{"start":{"line":49,"column":16},"end":{"line":49,"column":17}},"loc":{"start":{"line":49,"column":20},"end":{"line":51,"column":7}},"line":49},"5":{"name":"(anonymous_5)","decl":{"start":{"line":73,"column":59},"end":{"line":73,"column":60}},"loc":{"start":{"line":73,"column":99},"end":{"line":73,"column":117}},"line":73},"6":{"name":"(anonymous_6)","decl":{"start":{"line":83,"column":43},"end":{"line":83,"column":44}},"loc":{"start":{"line":84,"column":32},"end":{"line":84,"column":76}},"line":84},"7":{"name":"(anonymous_7)","decl":{"start":{"line":91,"column":59},"end":{"line":91,"column":60}},"loc":{"start":{"line":91,"column":99},"end":{"line":91,"column":117}},"line":91},"8":{"name":"(anonymous_8)","decl":{"start":{"line":101,"column":43},"end":{"line":101,"column":44}},"loc":{"start":{"line":102,"column":32},"end":{"line":102,"column":89}},"line":102},"9":{"name":"(anonymous_9)","decl":{"start":{"line":127,"column":43},"end":{"line":127,"column":44}},"loc":{"start":{"line":128,"column":32},"end":{"line":128,"column":76}},"line":128},"10":{"name":"(anonymous_10)","decl":{"start":{"line":151,"column":43},"end":{"line":151,"column":44}},"loc":{"start":{"line":152,"column":32},"end":{"line":152,"column":76}},"line":152}},"branchMap":{},"s":{"0":1,"1":0,"2":0,"3":0,"4":0,"5":0,"6":0,"7":0,"8":0,"9":0,"10":0,"11":0,"12":0,"13":0,"14":0,"15":0,"16":0,"17":0,"18":0,"19":0,"20":0,"21":0,"22":0,"23":0,"24":0},"f":{"0":0,"1":0,"2":0,"3":0,"4":0,"5":0,"6":0,"7":0,"8":0,"9":0,"10":0},"b":{},"_coverageSchema":"1a1c01bbd47fc00a2c39e90264f33305004495a9","hash":"1fe44709bf54f118b484afa8265d3ef0bb698912"}
,"C:\\Users\\andre\\Desktop\\getrepo\\client-engagement-portal-front\\src\\components\\BatchInformation\\BatchInformation.tsx": {"path":"C:\\Users\\andre\\Desktop\\getrepo\\client-engagement-portal-front\\src\\components\\BatchInformation\\BatchInformation.tsx","statementMap":{"0":{"start":{"line":20,"column":65},"end":{"line":174,"column":1}},"1":{"start":{"line":22,"column":23},"end":{"line":44,"column":7}},"2":{"start":{"line":46,"column":4},"end":{"line":173,"column":6}}},"fnMap":{"0":{"name":"(anonymous_0)","decl":{"start":{"line":20,"column":65},"end":{"line":20,"column":66}},"loc":{"start":{"line":20,"column":99},"end":{"line":174,"column":1}},"line":20}},"branchMap":{},"s":{"0":1,"1":0,"2":0},"f":{"0":0},"b":{},"_coverageSchema":"1a1c01bbd47fc00a2c39e90264f33305004495a9","hash":"3500937481d062f0038a153648e534f0634d3357"}
,"C:\\Users\\andre\\Desktop\\getrepo\\client-engagement-portal-front\\src\\components\\LoginComponent\\LoginComponent.tsx": {"path":"C:\\Users\\andre\\Desktop\\getrepo\\client-engagement-portal-front\\src\\components\\LoginComponent\\LoginComponent.tsx","statementMap":{"0":{"start":{"line":19,"column":53},"end":{"line":109,"column":1}},"1":{"start":{"line":21,"column":34},"end":{"line":21,"column":49}},"2":{"start":{"line":22,"column":32},"end":{"line":22,"column":47}},"3":{"start":{"line":33,"column":25},"end":{"line":66,"column":5}},"4":{"start":{"line":34,"column":8},"end":{"line":34,"column":31}},"5":{"start":{"line":35,"column":21},"end":{"line":35,"column":40}},"6":{"start":{"line":36,"column":8},"end":{"line":37,"column":36}},"7":{"start":{"line":37,"column":12},"end":{"line":37,"column":36}},"8":{"start":{"line":39,"column":33},"end":{"line":42,"column":9}},"9":{"start":{"line":44,"column":8},"end":{"line":64,"column":9}},"10":{"start":{"line":45,"column":25},"end":{"line":45,"column":93}},"11":{"start":{"line":49,"column":12},"end":{"line":61,"column":13}},"12":{"start":{"line":51,"column":16},"end":{"line":51,"column":32}},"13":{"start":{"line":52,"column":16},"end":{"line":52,"column":32}},"14":{"start":{"line":53,"column":16},"end":{"line":53,"column":22}},"15":{"start":{"line":55,"column":16},"end":{"line":55,"column":33}},"16":{"start":{"line":56,"column":16},"end":{"line":56,"column":31}},"17":{"start":{"line":57,"column":16},"end":{"line":57,"column":22}},"18":{"start":{"line":59,"column":16},"end":{"line":59,"column":33}},"19":{"start":{"line":60,"column":16},"end":{"line":60,"column":32}},"20":{"start":{"line":63,"column":12},"end":{"line":63,"column":53}},"21":{"start":{"line":68,"column":4},"end":{"line":108,"column":6}},"22":{"start":{"line":121,"column":8},"end":{"line":121,"column":30}},"23":{"start":{"line":122,"column":8},"end":{"line":122,"column":34}},"24":{"start":{"line":123,"column":8},"end":{"line":123,"column":34}},"25":{"start":{"line":124,"column":8},"end":{"line":124,"column":28}},"26":{"start":{"line":125,"column":8},"end":{"line":125,"column":27}},"27":{"start":{"line":126,"column":8},"end":{"line":126,"column":37}},"28":{"start":{"line":127,"column":8},"end":{"line":127,"column":96}}},"fnMap":{"0":{"name":"(anonymous_0)","decl":{"start":{"line":19,"column":53},"end":{"line":19,"column":54}},"loc":{"start":{"line":19,"column":77},"end":{"line":109,"column":1}},"line":19},"1":{"name":"(anonymous_1)","decl":{"start":{"line":33,"column":25},"end":{"line":33,"column":26}},"loc":{"start":{"line":33,"column":47},"end":{"line":66,"column":5}},"line":33},"2":{"name":"(anonymous_2)","decl":{"start":{"line":120,"column":4},"end":{"line":120,"column":5}},"loc":{"start":{"line":120,"column":18},"end":{"line":128,"column":5}},"line":120}},"branchMap":{"0":{"loc":{"start":{"line":36,"column":8},"end":{"line":37,"column":36}},"type":"if","locations":[{"start":{"line":36,"column":8},"end":{"line":37,"column":36}},{"start":{"line":36,"column":8},"end":{"line":37,"column":36}}],"line":36},"1":{"loc":{"start":{"line":49,"column":12},"end":{"line":61,"column":13}},"type":"switch","locations":[{"start":{"line":50,"column":12},"end":{"line":53,"column":22}},{"start":{"line":54,"column":12},"end":{"line":57,"column":22}},{"start":{"line":58,"column":12},"end":{"line":60,"column":32}}],"line":49},"2":{"loc":{"start":{"line":70,"column":13},"end":{"line":105,"column":24}},"type":"cond-expr","locations":[{"start":{"line":70,"column":24},"end":{"line":70,"column":47}},{"start":{"line":70,"column":50},"end":{"line":105,"column":24}}],"line":70},"3":{"loc":{"start":{"line":70,"column":50},"end":{"line":105,"column":24}},"type":"cond-expr","locations":[{"start":{"line":70,"column":60},"end":{"line":70,"column":84}},{"start":{"line":71,"column":16},"end":{"line":105,"column":24}}],"line":70}},"s":{"0":2,"1":3,"2":3,"3":3,"4":0,"5":0,"6":0,"7":0,"8":0,"9":0,"10":0,"11":0,"12":0,"13":0,"14":0,"15":0,"16":0,"17":0,"18":0,"19":0,"20":0,"21":3,"22":6,"23":6,"24":6,"25":6,"26":6,"27":6,"28":6},"f":{"0":3,"1":0,"2":6},"b":{"0":[0,0],"1":[0,0,0],"2":[0,3],"3":[0,3]},"_coverageSchema":"1a1c01bbd47fc00a2c39e90264f33305004495a9","hash":"23ec1e371300abce4237856e8f3131445cc25605"}
,"C:\\Users\\andre\\Desktop\\getrepo\\client-engagement-portal-front\\src\\components\\NavBar\\NavBar.tsx": {"path":"C:\\Users\\andre\\Desktop\\getrepo\\client-engagement-portal-front\\src\\components\\NavBar\\NavBar.tsx","statementMap":{"0":{"start":{"line":16,"column":37},"end":{"line":66,"column":1}},"1":{"start":{"line":17,"column":42},"end":{"line":17,"column":57}},"2":{"start":{"line":18,"column":34},"end":{"line":18,"column":49}},"3":{"start":{"line":20,"column":22},"end":{"line":20,"column":48}},"4":{"start":{"line":20,"column":28},"end":{"line":20,"column":48}},"5":{"start":{"line":21,"column":19},"end":{"line":21,"column":53}},"6":{"start":{"line":21,"column":25},"end":{"line":21,"column":53}},"7":{"start":{"line":27,"column":19},"end":{"line":31,"column":5}},"8":{"start":{"line":28,"column":8},"end":{"line":30,"column":44}},"9":{"start":{"line":29,"column":26},"end":{"line":29,"column":43}},"10":{"start":{"line":30,"column":26},"end":{"line":30,"column":42}},"11":{"start":{"line":33,"column":4},"end":{"line":65,"column":5}}},"fnMap":{"0":{"name":"(anonymous_0)","decl":{"start":{"line":16,"column":37},"end":{"line":16,"column":38}},"loc":{"start":{"line":16,"column":53},"end":{"line":66,"column":1}},"line":16},"1":{"name":"(anonymous_1)","decl":{"start":{"line":20,"column":22},"end":{"line":20,"column":23}},"loc":{"start":{"line":20,"column":28},"end":{"line":20,"column":48}},"line":20},"2":{"name":"(anonymous_2)","decl":{"start":{"line":21,"column":19},"end":{"line":21,"column":20}},"loc":{"start":{"line":21,"column":25},"end":{"line":21,"column":53}},"line":21},"3":{"name":"(anonymous_3)","decl":{"start":{"line":27,"column":19},"end":{"line":27,"column":20}},"loc":{"start":{"line":27,"column":25},"end":{"line":31,"column":5}},"line":27},"4":{"name":"(anonymous_4)","decl":{"start":{"line":29,"column":18},"end":{"line":29,"column":19}},"loc":{"start":{"line":29,"column":26},"end":{"line":29,"column":43}},"line":29},"5":{"name":"(anonymous_5)","decl":{"start":{"line":30,"column":19},"end":{"line":30,"column":20}},"loc":{"start":{"line":30,"column":26},"end":{"line":30,"column":42}},"line":30}},"branchMap":{},"s":{"0":1,"1":0,"2":0,"3":0,"4":0,"5":0,"6":0,"7":0,"8":0,"9":0,"10":0,"11":0},"f":{"0":0,"1":0,"2":0,"3":0,"4":0,"5":0},"b":{},"_coverageSchema":"1a1c01bbd47fc00a2c39e90264f33305004495a9","hash":"b1ec0319bc7e168e93606e919bd94fd61d4e0f95"}
,"C:\\Users\\andre\\Desktop\\getrepo\\client-engagement-portal-front\\src\\components\\NewClientButton\\NewClientButton.tsx": {"path":"C:\\Users\\andre\\Desktop\\getrepo\\client-engagement-portal-front\\src\\components\\NewClientButton\\NewClientButton.tsx","statementMap":{"0":{"start":{"line":28,"column":46},"end":{"line":210,"column":1}},"1":{"start":{"line":29,"column":28},"end":{"line":29,"column":43}},"2":{"start":{"line":38,"column":17},"end":{"line":38,"column":39}},"3":{"start":{"line":38,"column":23},"end":{"line":38,"column":39}},"4":{"start":{"line":51,"column":23},"end":{"line":114,"column":3}},"5":{"start":{"line":52,"column":4},"end":{"line":52,"column":27}},"6":{"start":{"line":62,"column":18},"end":{"line":62,"column":52}},"7":{"start":{"line":63,"column":21},"end":{"line":63,"column":58}},"8":{"start":{"line":64,"column":17},"end":{"line":64,"column":52}},"9":{"start":{"line":70,"column":4},"end":{"line":70,"column":78}},"10":{"start":{"line":71,"column":22},"end":{"line":71,"column":44}},"11":{"start":{"line":72,"column":20},"end":{"line":78,"column":6}},"12":{"start":{"line":73,"column":6},"end":{"line":77,"column":7}},"13":{"start":{"line":74,"column":8},"end":{"line":74,"column":21}},"14":{"start":{"line":76,"column":8},"end":{"line":76,"column":20}},"15":{"start":{"line":82,"column":4},"end":{"line":85,"column":5}},"16":{"start":{"line":83,"column":6},"end":{"line":83,"column":80}},"17":{"start":{"line":84,"column":6},"end":{"line":84,"column":18}},"18":{"start":{"line":86,"column":4},"end":{"line":86,"column":32}},"19":{"start":{"line":87,"column":4},"end":{"line":87,"column":21}},"20":{"start":{"line":89,"column":4},"end":{"line":113,"column":5}},"21":{"start":{"line":90,"column":27},"end":{"line":96,"column":8}},"22":{"start":{"line":98,"column":6},"end":{"line":107,"column":8}},"23":{"start":{"line":112,"column":6},"end":{"line":112,"column":47}},"24":{"start":{"line":116,"column":40},"end":{"line":116,"column":58}},"25":{"start":{"line":124,"column":21},"end":{"line":125,"column":38}},"26":{"start":{"line":125,"column":4},"end":{"line":125,"column":38}},"27":{"start":{"line":127,"column":2},"end":{"line":209,"column":4}},"28":{"start":{"line":156,"column":68},"end":{"line":156,"column":87}}},"fnMap":{"0":{"name":"(anonymous_0)","decl":{"start":{"line":28,"column":46},"end":{"line":28,"column":47}},"loc":{"start":{"line":28,"column":52},"end":{"line":210,"column":1}},"line":28},"1":{"name":"(anonymous_1)","decl":{"start":{"line":38,"column":17},"end":{"line":38,"column":18}},"loc":{"start":{"line":38,"column":23},"end":{"line":38,"column":39}},"line":38},"2":{"name":"(anonymous_2)","decl":{"start":{"line":51,"column":23},"end":{"line":51,"column":24}},"loc":{"start":{"line":51,"column":74},"end":{"line":114,"column":3}},"line":51},"3":{"name":"(anonymous_3)","decl":{"start":{"line":72,"column":41},"end":{"line":72,"column":42}},"loc":{"start":{"line":72,"column":59},"end":{"line":78,"column":5}},"line":72},"4":{"name":"(anonymous_4)","decl":{"start":{"line":124,"column":21},"end":{"line":124,"column":22}},"loc":{"start":{"line":125,"column":4},"end":{"line":125,"column":38}},"line":125},"5":{"name":"(anonymous_5)","decl":{"start":{"line":156,"column":24},"end":{"line":156,"column":25}},"loc":{"start":{"line":156,"column":68},"end":{"line":156,"column":87}},"line":156}},"branchMap":{"0":{"loc":{"start":{"line":73,"column":6},"end":{"line":77,"column":7}},"type":"if","locations":[{"start":{"line":73,"column":6},"end":{"line":77,"column":7}},{"start":{"line":73,"column":6},"end":{"line":77,"column":7}}],"line":73},"1":{"loc":{"start":{"line":82,"column":4},"end":{"line":85,"column":5}},"type":"if","locations":[{"start":{"line":82,"column":4},"end":{"line":85,"column":5}},{"start":{"line":82,"column":4},"end":{"line":85,"column":5}}],"line":82},"2":{"loc":{"start":{"line":179,"column":13},"end":{"line":186,"column":15}},"type":"cond-expr","locations":[{"start":{"line":180,"column":14},"end":{"line":183,"column":26}},{"start":{"line":185,"column":16},"end":{"line":185,"column":21}}],"line":179}},"s":{"0":2,"1":2,"2":2,"3":0,"4":2,"5":0,"6":0,"7":0,"8":0,"9":0,"10":0,"11":0,"12":0,"13":0,"14":0,"15":0,"16":0,"17":0,"18":0,"19":0,"20":0,"21":0,"22":0,"23":0,"24":2,"25":2,"26":0,"27":2,"28":0},"f":{"0":2,"1":0,"2":0,"3":0,"4":0,"5":0},"b":{"0":[0,0],"1":[0,0],"2":[2,0]},"_coverageSchema":"1a1c01bbd47fc00a2c39e90264f33305004495a9","hash":"d6ed2b62e085efea3c8b5bd3556a8bd3235e5cf0"}
,"C:\\Users\\andre\\Desktop\\getrepo\\client-engagement-portal-front\\src\\components\\Notifications\\NotificationActions.tsx": {"path":"C:\\Users\\andre\\Desktop\\getrepo\\client-engagement-portal-front\\src\\components\\Notifications\\NotificationActions.tsx","statementMap":{"0":{"start":{"line":4,"column":31},"end":{"line":13,"column":1}},"1":{"start":{"line":5,"column":4},"end":{"line":12,"column":5}},"2":{"start":{"line":20,"column":32},"end":{"line":29,"column":1}},"3":{"start":{"line":21,"column":4},"end":{"line":28,"column":5}},"4":{"start":{"line":34,"column":34},"end":{"line":43,"column":1}},"5":{"start":{"line":35,"column":4},"end":{"line":42,"column":5}}},"fnMap":{"0":{"name":"(anonymous_0)","decl":{"start":{"line":4,"column":31},"end":{"line":4,"column":32}},"loc":{"start":{"line":4,"column":75},"end":{"line":13,"column":1}},"line":4},"1":{"name":"(anonymous_1)","decl":{"start":{"line":20,"column":32},"end":{"line":20,"column":33}},"loc":{"start":{"line":20,"column":76},"end":{"line":29,"column":1}},"line":20},"2":{"name":"(anonymous_2)","decl":{"start":{"line":34,"column":34},"end":{"line":34,"column":35}},"loc":{"start":{"line":34,"column":78},"end":{"line":43,"column":1}},"line":34}},"branchMap":{},"s":{"0":1,"1":1,"2":1,"3":1,"4":1,"5":1},"f":{"0":1,"1":1,"2":1},"b":{},"_coverageSchema":"1a1c01bbd47fc00a2c39e90264f33305004495a9","hash":"806c10a7ea1233b42d00a2f495618ead1d719384"}
,"C:\\Users\\andre\\Desktop\\getrepo\\client-engagement-portal-front\\src\\components\\Notifications\\Notifications.tsx": {"path":"C:\\Users\\andre\\Desktop\\getrepo\\client-engagement-portal-front\\src\\components\\Notifications\\Notifications.tsx","statementMap":{"0":{"start":{"line":17,"column":51},"end":{"line":44,"column":1}},"1":{"start":{"line":19,"column":4},"end":{"line":43,"column":5}},"2":{"start":{"line":28,"column":28},"end":{"line":38,"column":49}},"3":{"start":{"line":51,"column":24},"end":{"line":55,"column":1}},"4":{"start":{"line":52,"column":4},"end":{"line":54,"column":5}}},"fnMap":{"0":{"name":"(anonymous_0)","decl":{"start":{"line":17,"column":51},"end":{"line":17,"column":52}},"loc":{"start":{"line":17,"column":81},"end":{"line":44,"column":1}},"line":17},"1":{"name":"(anonymous_1)","decl":{"start":{"line":27,"column":28},"end":{"line":27,"column":29}},"loc":{"start":{"line":28,"column":28},"end":{"line":38,"column":49}},"line":28},"2":{"name":"(anonymous_2)","decl":{"start":{"line":51,"column":24},"end":{"line":51,"column":25}},"loc":{"start":{"line":51,"column":46},"end":{"line":55,"column":1}},"line":51}},"branchMap":{},"s":{"0":2,"1":1,"2":1,"3":2,"4":1},"f":{"0":1,"1":1,"2":1},"b":{},"_coverageSchema":"1a1c01bbd47fc00a2c39e90264f33305004495a9","hash":"3872c258dbbd20b3c7e21c928d490db5a32f0c07"}
,"C:\\Users\\andre\\Desktop\\getrepo\\client-engagement-portal-front\\src\\components\\PlanInterventionModal\\PlanInterventionModal.tsx": {"path":"C:\\Users\\andre\\Desktop\\getrepo\\client-engagement-portal-front\\src\\components\\PlanInterventionModal\\PlanInterventionModal.tsx","statementMap":{"0":{"start":{"line":18,"column":30},"end":{"line":48,"column":1}},"1":{"start":{"line":20,"column":28},"end":{"line":20,"column":122}},"2":{"start":{"line":21,"column":26},"end":{"line":21,"column":91}},"3":{"start":{"line":23,"column":4},"end":{"line":47,"column":5}},"4":{"start":{"line":30,"column":73},"end":{"line":30,"column":88}}},"fnMap":{"0":{"name":"(anonymous_0)","decl":{"start":{"line":18,"column":30},"end":{"line":18,"column":31}},"loc":{"start":{"line":18,"column":48},"end":{"line":48,"column":1}},"line":18},"1":{"name":"(anonymous_1)","decl":{"start":{"line":30,"column":67},"end":{"line":30,"column":68}},"loc":{"start":{"line":30,"column":73},"end":{"line":30,"column":88}},"line":30}},"branchMap":{"0":{"loc":{"start":{"line":20,"column":28},"end":{"line":20,"column":122}},"type":"cond-expr","locations":[{"start":{"line":20,"column":41},"end":{"line":20,"column":79}},{"start":{"line":20,"column":82},"end":{"line":20,"column":122}}],"line":20},"1":{"loc":{"start":{"line":21,"column":26},"end":{"line":21,"column":91}},"type":"cond-expr","locations":[{"start":{"line":21,"column":39},"end":{"line":21,"column":62}},{"start":{"line":21,"column":65},"end":{"line":21,"column":91}}],"line":21}},"s":{"0":1,"1":0,"2":0,"3":0,"4":0},"f":{"0":0,"1":0},"b":{"0":[0,0],"1":[0,0]},"_coverageSchema":"1a1c01bbd47fc00a2c39e90264f33305004495a9","hash":"c5ff69a8740bba619a44159e3674b17310d21577"}
,"C:\\Users\\andre\\Desktop\\getrepo\\client-engagement-portal-front\\src\\components\\RequestBatchCard\\RequestBatchCard.tsx": {"path":"C:\\Users\\andre\\Desktop\\getrepo\\client-engagement-portal-front\\src\\components\\RequestBatchCard\\RequestBatchCard.tsx","statementMap":{"0":{"start":{"line":8,"column":25},"end":{"line":20,"column":1}},"1":{"start":{"line":10,"column":33},"end":{"line":10,"column":222}},"2":{"start":{"line":12,"column":4},"end":{"line":19,"column":5}}},"fnMap":{"0":{"name":"(anonymous_0)","decl":{"start":{"line":8,"column":25},"end":{"line":8,"column":26}},"loc":{"start":{"line":8,"column":31},"end":{"line":20,"column":1}},"line":8}},"branchMap":{},"s":{"0":1,"1":0,"2":0},"f":{"0":0},"b":{},"_coverageSchema":"1a1c01bbd47fc00a2c39e90264f33305004495a9","hash":"cafa3004025b838ad4e46a4ff7ae450656b27f37"}
,"C:\\Users\\andre\\Desktop\\getrepo\\client-engagement-portal-front\\src\\components\\RequestBatchCard\\RequestBatchCardModal.tsx": {"path":"C:\\Users\\andre\\Desktop\\getrepo\\client-engagement-portal-front\\src\\components\\RequestBatchCard\\RequestBatchCardModal.tsx","statementMap":{"0":{"start":{"line":8,"column":30},"end":{"line":15,"column":1}},"1":{"start":{"line":9,"column":4},"end":{"line":14,"column":5}}},"fnMap":{"0":{"name":"(anonymous_0)","decl":{"start":{"line":8,"column":30},"end":{"line":8,"column":31}},"loc":{"start":{"line":8,"column":36},"end":{"line":15,"column":1}},"line":8}},"branchMap":{},"s":{"0":1,"1":0},"f":{"0":0},"b":{},"_coverageSchema":"1a1c01bbd47fc00a2c39e90264f33305004495a9","hash":"00a48feddf29981bb5a3a840961f4dadbcafe9ba"}
,"C:\\Users\\andre\\Desktop\\getrepo\\client-engagement-portal-front\\src\\util\\axiosConfig.ts": {"path":"C:\\Users\\andre\\Desktop\\getrepo\\client-engagement-portal-front\\src\\util\\axiosConfig.ts","statementMap":{"0":{"start":{"line":5,"column":23},"end":{"line":14,"column":1}},"1":{"start":{"line":8,"column":26},"end":{"line":8,"column":47}},"2":{"start":{"line":10,"column":2},"end":{"line":13,"column":5}},"3":{"start":{"line":12,"column":4},"end":{"line":12,"column":45}},"4":{"start":{"line":30,"column":29},"end":{"line":37,"column":1}},"5":{"start":{"line":31,"column":16},"end":{"line":31,"column":74}},"6":{"start":{"line":31,"column":58},"end":{"line":31,"column":71}},"7":{"start":{"line":32,"column":2},"end":{"line":36,"column":5}}},"fnMap":{"0":{"name":"(anonymous_0)","decl":{"start":{"line":5,"column":23},"end":{"line":5,"column":24}},"loc":{"start":{"line":5,"column":35},"end":{"line":14,"column":1}},"line":5},"1":{"name":"(anonymous_1)","decl":{"start":{"line":10,"column":35},"end":{"line":10,"column":36}},"loc":{"start":{"line":10,"column":53},"end":{"line":13,"column":3}},"line":10},"2":{"name":"(anonymous_2)","decl":{"start":{"line":30,"column":29},"end":{"line":30,"column":30}},"loc":{"start":{"line":30,"column":41},"end":{"line":37,"column":1}},"line":30},"3":{"name":"(anonymous_3)","decl":{"start":{"line":31,"column":38},"end":{"line":31,"column":39}},"loc":{"start":{"line":31,"column":56},"end":{"line":31,"column":73}},"line":31}},"branchMap":{},"s":{"0":0,"1":0,"2":0,"3":0,"4":0,"5":0,"6":0,"7":0},"f":{"0":0,"1":0,"2":0,"3":0},"b":{}}
,"C:\\Users\\andre\\Desktop\\getrepo\\client-engagement-portal-front\\src\\views\\AdminPage\\AdminPage.tsx": {"path":"C:\\Users\\andre\\Desktop\\getrepo\\client-engagement-portal-front\\src\\views\\AdminPage\\AdminPage.tsx","statementMap":{"0":{"start":{"line":13,"column":35},"end":{"line":41,"column":1}},"1":{"start":{"line":14,"column":4},"end":{"line":40,"column":6}}},"fnMap":{"0":{"name":"(anonymous_0)","decl":{"start":{"line":13,"column":35},"end":{"line":13,"column":36}},"loc":{"start":{"line":13,"column":41},"end":{"line":41,"column":1}},"line":13}},"branchMap":{},"s":{"0":1,"1":0},"f":{"0":0},"b":{},"_coverageSchema":"1a1c01bbd47fc00a2c39e90264f33305004495a9","hash":"a8814f39830b6b849295a07ee52a62086c1d690e"}
,"C:\\Users\\andre\\Desktop\\getrepo\\client-engagement-portal-front\\src\\views\\BatchInformationPage\\BatchInformationPage.tsx": {"path":"C:\\Users\\andre\\Desktop\\getrepo\\client-engagement-portal-front\\src\\views\\BatchInformationPage\\BatchInformationPage.tsx","statementMap":{"0":{"start":{"line":12,"column":46},"end":{"line":25,"column":1}},"1":{"start":{"line":13,"column":4},"end":{"line":24,"column":6}}},"fnMap":{"0":{"name":"(anonymous_0)","decl":{"start":{"line":12,"column":46},"end":{"line":12,"column":47}},"loc":{"start":{"line":12,"column":52},"end":{"line":25,"column":1}},"line":12}},"branchMap":{},"s":{"0":1,"1":0},"f":{"0":0},"b":{},"_coverageSchema":"1a1c01bbd47fc00a2c39e90264f33305004495a9","hash":"9238d67245a9e400eabbdbac50ce0ca4b01db41c"}
,"C:\\Users\\andre\\Desktop\\getrepo\\client-engagement-portal-front\\src\\views\\HomePage\\HomePage.tsx": {"path":"C:\\Users\\andre\\Desktop\\getrepo\\client-engagement-portal-front\\src\\views\\HomePage\\HomePage.tsx","statementMap":{"0":{"start":{"line":29,"column":41},"end":{"line":188,"column":1}},"1":{"start":{"line":31,"column":62},"end":{"line":31,"column":77}},"2":{"start":{"line":32,"column":40},"end":{"line":32,"column":55}},"3":{"start":{"line":33,"column":37},"end":{"line":33,"column":52}},"4":{"start":{"line":35,"column":21},"end":{"line":35,"column":34}},"5":{"start":{"line":41,"column":23},"end":{"line":47,"column":5}},"6":{"start":{"line":43,"column":8},"end":{"line":43,"column":28}},"7":{"start":{"line":46,"column":8},"end":{"line":46,"column":38}},"8":{"start":{"line":53,"column":25},"end":{"line":59,"column":5}},"9":{"start":{"line":55,"column":8},"end":{"line":55,"column":29}},"10":{"start":{"line":58,"column":8},"end":{"line":58,"column":51}},"11":{"start":{"line":65,"column":32},"end":{"line":83,"column":5}},"12":{"start":{"line":67,"column":8},"end":{"line":67,"column":28}},"13":{"start":{"line":70,"column":8},"end":{"line":70,"column":25}},"14":{"start":{"line":72,"column":39},"end":{"line":78,"column":9}},"15":{"start":{"line":80,"column":8},"end":{"line":80,"column":44}},"16":{"start":{"line":82,"column":8},"end":{"line":82,"column":26}},"17":{"start":{"line":94,"column":29},"end":{"line":129,"column":5}},"18":{"start":{"line":94,"column":48},"end":{"line":129,"column":5}},"19":{"start":{"line":96,"column":8},"end":{"line":96,"column":25}},"20":{"start":{"line":99,"column":39},"end":{"line":101,"column":9}},"21":{"start":{"line":104,"column":8},"end":{"line":125,"column":11}},"22":{"start":{"line":107,"column":12},"end":{"line":119,"column":13}},"23":{"start":{"line":110,"column":16},"end":{"line":114,"column":17}},"24":{"start":{"line":112,"column":42},"end":{"line":112,"column":66}},"25":{"start":{"line":113,"column":20},"end":{"line":113,"column":59}},"26":{"start":{"line":117,"column":16},"end":{"line":117,"column":52}},"27":{"start":{"line":120,"column":12},"end":{"line":120,"column":30}},"28":{"start":{"line":123,"column":12},"end":{"line":123,"column":31}},"29":{"start":{"line":124,"column":12},"end":{"line":124,"column":30}},"30":{"start":{"line":127,"column":8},"end":{"line":127,"column":26}},"31":{"start":{"line":133,"column":4},"end":{"line":187,"column":5}},"32":{"start":{"line":137,"column":45},"end":{"line":137,"column":59}},"33":{"start":{"line":138,"column":45},"end":{"line":138,"column":66}},"34":{"start":{"line":139,"column":45},"end":{"line":139,"column":57}},"35":{"start":{"line":143,"column":35},"end":{"line":143,"column":83}},"36":{"start":{"line":163,"column":32},"end":{"line":166,"column":38}},"37":{"start":{"line":190,"column":24},"end":{"line":194,"column":1}},"38":{"start":{"line":191,"column":4},"end":{"line":193,"column":5}}},"fnMap":{"0":{"name":"(anonymous_0)","decl":{"start":{"line":29,"column":41},"end":{"line":29,"column":42}},"loc":{"start":{"line":29,"column":59},"end":{"line":188,"column":1}},"line":29},"1":{"name":"(anonymous_1)","decl":{"start":{"line":41,"column":23},"end":{"line":41,"column":24}},"loc":{"start":{"line":42,"column":4},"end":{"line":47,"column":5}},"line":42},"2":{"name":"(anonymous_2)","decl":{"start":{"line":53,"column":25},"end":{"line":53,"column":26}},"loc":{"start":{"line":54,"column":4},"end":{"line":59,"column":5}},"line":54},"3":{"name":"(anonymous_3)","decl":{"start":{"line":65,"column":32},"end":{"line":65,"column":33}},"loc":{"start":{"line":66,"column":4},"end":{"line":83,"column":5}},"line":66},"4":{"name":"(anonymous_4)","decl":{"start":{"line":94,"column":29},"end":{"line":94,"column":30}},"loc":{"start":{"line":94,"column":48},"end":{"line":129,"column":5}},"line":94},"5":{"name":"(anonymous_5)","decl":{"start":{"line":94,"column":48},"end":{"line":94,"column":49}},"loc":{"start":{"line":94,"column":60},"end":{"line":129,"column":5}},"line":94},"6":{"name":"(anonymous_6)","decl":{"start":{"line":105,"column":14},"end":{"line":105,"column":15}},"loc":{"start":{"line":105,"column":32},"end":{"line":121,"column":9}},"line":105},"7":{"name":"(anonymous_7)","decl":{"start":{"line":122,"column":15},"end":{"line":122,"column":16}},"loc":{"start":{"line":122,"column":30},"end":{"line":125,"column":9}},"line":122},"8":{"name":"(anonymous_8)","decl":{"start":{"line":137,"column":39},"end":{"line":137,"column":40}},"loc":{"start":{"line":137,"column":45},"end":{"line":137,"column":59}},"line":137},"9":{"name":"(anonymous_9)","decl":{"start":{"line":138,"column":39},"end":{"line":138,"column":40}},"loc":{"start":{"line":138,"column":45},"end":{"line":138,"column":66}},"line":138},"10":{"name":"(anonymous_10)","decl":{"start":{"line":139,"column":39},"end":{"line":139,"column":40}},"loc":{"start":{"line":139,"column":45},"end":{"line":139,"column":57}},"line":139},"11":{"name":"(anonymous_11)","decl":{"start":{"line":143,"column":29},"end":{"line":143,"column":30}},"loc":{"start":{"line":143,"column":35},"end":{"line":143,"column":83}},"line":143},"12":{"name":"(anonymous_12)","decl":{"start":{"line":162,"column":46},"end":{"line":162,"column":47}},"loc":{"start":{"line":163,"column":32},"end":{"line":166,"column":38}},"line":163},"13":{"name":"(anonymous_13)","decl":{"start":{"line":190,"column":24},"end":{"line":190,"column":25}},"loc":{"start":{"line":190,"column":40},"end":{"line":194,"column":1}},"line":190}},"branchMap":{"0":{"loc":{"start":{"line":107,"column":12},"end":{"line":119,"column":13}},"type":"if","locations":[{"start":{"line":107,"column":12},"end":{"line":119,"column":13}},{"start":{"line":107,"column":12},"end":{"line":119,"column":13}}],"line":107},"1":{"loc":{"start":{"line":146,"column":13},"end":{"line":183,"column":15}},"type":"cond-expr","locations":[{"start":{"line":148,"column":12},"end":{"line":176,"column":18}},{"start":{"line":178,"column":12},"end":{"line":183,"column":15}}],"line":146},"2":{"loc":{"start":{"line":159,"column":26},"end":{"line":159,"column":124}},"type":"cond-expr","locations":[{"start":{"line":159,"column":39},"end":{"line":159,"column":114}},{"start":{"line":159,"column":117},"end":{"line":159,"column":124}}],"line":159},"3":{"loc":{"start":{"line":180,"column":18},"end":{"line":180,"column":66}},"type":"cond-expr","locations":[{"start":{"line":180,"column":31},"end":{"line":180,"column":56}},{"start":{"line":180,"column":59},"end":{"line":180,"column":66}}],"line":180}},"s":{"0":1,"1":0,"2":0,"3":0,"4":0,"5":0,"6":0,"7":0,"8":0,"9":0,"10":0,"11":0,"12":0,"13":0,"14":0,"15":0,"16":0,"17":0,"18":0,"19":0,"20":0,"21":0,"22":0,"23":0,"24":0,"25":0,"26":0,"27":0,"28":0,"29":0,"30":0,"31":0,"32":0,"33":0,"34":0,"35":0,"36":0,"37":1,"38":0},"f":{"0":0,"1":0,"2":0,"3":0,"4":0,"5":0,"6":0,"7":0,"8":0,"9":0,"10":0,"11":0,"12":0,"13":0},"b":{"0":[0,0],"1":[0,0],"2":[0,0],"3":[0,0]},"_coverageSchema":"1a1c01bbd47fc00a2c39e90264f33305004495a9","hash":"a89486da188588c45ea615aeac1704d15afbfa29"}
,"C:\\Users\\andre\\Desktop\\getrepo\\client-engagement-portal-front\\src\\views\\LoginPage\\LoginPage.tsx": {"path":"C:\\Users\\andre\\Desktop\\getrepo\\client-engagement-portal-front\\src\\views\\LoginPage\\LoginPage.tsx","statementMap":{"0":{"start":{"line":11,"column":45},"end":{"line":24,"column":1}},"1":{"start":{"line":12,"column":4},"end":{"line":23,"column":6}}},"fnMap":{"0":{"name":"(anonymous_0)","decl":{"start":{"line":11,"column":45},"end":{"line":11,"column":46}},"loc":{"start":{"line":11,"column":51},"end":{"line":24,"column":1}},"line":11}},"branchMap":{},"s":{"0":1,"1":0},"f":{"0":0},"b":{},"_coverageSchema":"1a1c01bbd47fc00a2c39e90264f33305004495a9","hash":"acafdc6d1b880c8174ac109e39b9dbe0dc4f5e31"}
}
