{"C:\\Users\\andre\\Desktop\\getrepo\\client-engagement-portal-front\\src\\App.tsx": {"path":"C:\\Users\\andre\\Desktop\\getrepo\\client-engagement-portal-front\\src\\App.tsx","statementMap":{"0":{"start":{"line":16,"column":4},"end":{"line":30,"column":6}},"1":{"start":{"line":21,"column":63},"end":{"line":21,"column":87}}},"fnMap":{"0":{"name":"App","decl":{"start":{"line":15,"column":9},"end":{"line":15,"column":12}},"loc":{"start":{"line":15,"column":15},"end":{"line":31,"column":1}},"line":15},"1":{"name":"(anonymous_1)","decl":{"start":{"line":21,"column":57},"end":{"line":21,"column":58}},"loc":{"start":{"line":21,"column":63},"end":{"line":21,"column":87}},"line":21}},"branchMap":{},"s":{"0":0,"1":0},"f":{"0":0,"1":0},"b":{}}
,"C:\\Users\\andre\\Desktop\\getrepo\\client-engagement-portal-front\\src\\Store.ts": {"path":"C:\\Users\\andre\\Desktop\\getrepo\\client-engagement-portal-front\\src\\Store.ts","statementMap":{"0":{"start":{"line":5,"column":25},"end":{"line":5,"column":88}},"1":{"start":{"line":7,"column":39},"end":{"line":7,"column":105}}},"fnMap":{},"branchMap":{"0":{"loc":{"start":{"line":5,"column":25},"end":{"line":5,"column":88}},"type":"binary-expr","locations":[{"start":{"line":5,"column":25},"end":{"line":5,"column":77}},{"start":{"line":5,"column":81},"end":{"line":5,"column":88}}],"line":5}},"s":{"0":0,"1":0},"f":{},"b":{"0":[0,0]}}
,"C:\\Users\\andre\\Desktop\\getrepo\\client-engagement-portal-front\\src\\aws-exports.js": {"path":"C:\\Users\\andre\\Desktop\\getrepo\\client-engagement-portal-front\\src\\aws-exports.js","statementMap":{"0":{"start":{"line":4,"column":18},"end":{"line":11,"column":1}}},"fnMap":{},"branchMap":{},"s":{"0":0},"f":{},"b":{}}
,"C:\\Users\\andre\\Desktop\\getrepo\\client-engagement-portal-front\\src\\reportWebVitals.ts": {"path":"C:\\Users\\andre\\Desktop\\getrepo\\client-engagement-portal-front\\src\\reportWebVitals.ts","statementMap":{"0":{"start":{"line":3,"column":24},"end":{"line":13,"column":1}},"1":{"start":{"line":4,"column":2},"end":{"line":12,"column":3}},"2":{"start":{"line":5,"column":4},"end":{"line":11,"column":7}},"3":{"start":{"line":6,"column":6},"end":{"line":6,"column":26}},"4":{"start":{"line":7,"column":6},"end":{"line":7,"column":26}},"5":{"start":{"line":8,"column":6},"end":{"line":8,"column":26}},"6":{"start":{"line":9,"column":6},"end":{"line":9,"column":26}},"7":{"start":{"line":10,"column":6},"end":{"line":10,"column":27}}},"fnMap":{"0":{"name":"(anonymous_0)","decl":{"start":{"line":3,"column":24},"end":{"line":3,"column":25}},"loc":{"start":{"line":3,"column":57},"end":{"line":13,"column":1}},"line":3},"1":{"name":"(anonymous_1)","decl":{"start":{"line":5,"column":30},"end":{"line":5,"column":31}},"loc":{"start":{"line":5,"column":79},"end":{"line":11,"column":5}},"line":5}},"branchMap":{"0":{"loc":{"start":{"line":4,"column":2},"end":{"line":12,"column":3}},"type":"if","locations":[{"start":{"line":4,"column":2},"end":{"line":12,"column":3}},{"start":{"line":4,"column":2},"end":{"line":12,"column":3}}],"line":4},"1":{"loc":{"start":{"line":4,"column":6},"end":{"line":4,"column":52}},"type":"binary-expr","locations":[{"start":{"line":4,"column":6},"end":{"line":4,"column":17}},{"start":{"line":4,"column":21},"end":{"line":4,"column":52}}],"line":4}},"s":{"0":0,"1":0,"2":0,"3":0,"4":0,"5":0,"6":0,"7":0},"f":{"0":0,"1":0},"b":{"0":[0,0],"1":[0,0]}}
,"C:\\Users\\andre\\Desktop\\getrepo\\client-engagement-portal-front\\src\\_reducers\\BatchReducer.ts": {"path":"C:\\Users\\andre\\Desktop\\getrepo\\client-engagement-portal-front\\src\\_reducers\\BatchReducer.ts","statementMap":{},"fnMap":{},"branchMap":{},"s":{},"f":{},"b":{}}
,"C:\\Users\\andre\\Desktop\\getrepo\\client-engagement-portal-front\\src\\_reducers\\UserReducer.ts": {"path":"C:\\Users\\andre\\Desktop\\getrepo\\client-engagement-portal-front\\src\\_reducers\\UserReducer.ts","statementMap":{"0":{"start":{"line":23,"column":32},"end":{"line":23,"column":43}},"1":{"start":{"line":25,"column":27},"end":{"line":40,"column":1}},"2":{"start":{"line":26,"column":4},"end":{"line":39,"column":5}},"3":{"start":{"line":28,"column":12},"end":{"line":31,"column":60}},"4":{"start":{"line":29,"column":16},"end":{"line":29,"column":36}},"5":{"start":{"line":31,"column":16},"end":{"line":31,"column":60}},"6":{"start":{"line":33,"column":12},"end":{"line":36,"column":61}},"7":{"start":{"line":34,"column":16},"end":{"line":34,"column":36}},"8":{"start":{"line":36,"column":16},"end":{"line":36,"column":61}},"9":{"start":{"line":38,"column":12},"end":{"line":38,"column":25}}},"fnMap":{"0":{"name":"(anonymous_0)","decl":{"start":{"line":25,"column":27},"end":{"line":25,"column":28}},"loc":{"start":{"line":25,"column":112},"end":{"line":40,"column":1}},"line":25}},"branchMap":{"0":{"loc":{"start":{"line":25,"column":28},"end":{"line":25,"column":59}},"type":"default-arg","locations":[{"start":{"line":25,"column":47},"end":{"line":25,"column":59}}],"line":25},"1":{"loc":{"start":{"line":26,"column":4},"end":{"line":39,"column":5}},"type":"switch","locations":[{"start":{"line":27,"column":8},"end":{"line":31,"column":60}},{"start":{"line":32,"column":8},"end":{"line":36,"column":61}},{"start":{"line":37,"column":8},"end":{"line":38,"column":25}}],"line":26},"2":{"loc":{"start":{"line":28,"column":12},"end":{"line":31,"column":60}},"type":"if","locations":[{"start":{"line":28,"column":12},"end":{"line":31,"column":60}},{"start":{"line":28,"column":12},"end":{"line":31,"column":60}}],"line":28},"3":{"loc":{"start":{"line":33,"column":12},"end":{"line":36,"column":61}},"type":"if","locations":[{"start":{"line":33,"column":12},"end":{"line":36,"column":61}},{"start":{"line":33,"column":12},"end":{"line":36,"column":61}}],"line":33}},"s":{"0":0,"1":0,"2":0,"3":0,"4":0,"5":0,"6":0,"7":0,"8":0,"9":0},"f":{"0":0},"b":{"0":[0],"1":[0,0,0],"2":[0,0],"3":[0,0]}}
,"C:\\Users\\andre\\Desktop\\getrepo\\client-engagement-portal-front\\src\\_reducers\\index.ts": {"path":"C:\\Users\\andre\\Desktop\\getrepo\\client-engagement-portal-front\\src\\_reducers\\index.ts","statementMap":{"0":{"start":{"line":9,"column":73},"end":{"line":9,"column":126}}},"fnMap":{},"branchMap":{},"s":{"0":0},"f":{},"b":{}}
,"C:\\Users\\andre\\Desktop\\getrepo\\client-engagement-portal-front\\src\\components\\BatchCard\\BatchCard.tsx": {"path":"C:\\Users\\andre\\Desktop\\getrepo\\client-engagement-portal-front\\src\\components\\BatchCard\\BatchCard.tsx","statementMap":{"0":{"start":{"line":10,"column":51},"end":{"line":27,"column":1}},"1":{"start":{"line":11,"column":4},"end":{"line":26,"column":5}}},"fnMap":{"0":{"name":"(anonymous_0)","decl":{"start":{"line":10,"column":51},"end":{"line":10,"column":52}},"loc":{"start":{"line":10,"column":78},"end":{"line":27,"column":1}},"line":10}},"branchMap":{},"s":{"0":0,"1":0},"f":{"0":0},"b":{}}
,"C:\\Users\\andre\\Desktop\\getrepo\\client-engagement-portal-front\\src\\components\\BatchForms\\BatchForms.tsx": {"path":"C:\\Users\\andre\\Desktop\\getrepo\\client-engagement-portal-front\\src\\components\\BatchForms\\BatchForms.tsx","statementMap":{"0":{"start":{"line":5,"column":36},"end":{"line":116,"column":1}},"1":{"start":{"line":7,"column":36},"end":{"line":7,"column":51}},"2":{"start":{"line":8,"column":40},"end":{"line":8,"column":55}},"3":{"start":{"line":10,"column":22},"end":{"line":10,"column":50}},"4":{"start":{"line":10,"column":28},"end":{"line":10,"column":50}},"5":{"start":{"line":11,"column":24},"end":{"line":11,"column":56}},"6":{"start":{"line":11,"column":30},"end":{"line":11,"column":56}},"7":{"start":{"line":12,"column":4},"end":{"line":115,"column":6}},"8":{"start":{"line":31,"column":99},"end":{"line":31,"column":117}},"9":{"start":{"line":48,"column":99},"end":{"line":48,"column":117}}},"fnMap":{"0":{"name":"(anonymous_0)","decl":{"start":{"line":5,"column":36},"end":{"line":5,"column":37}},"loc":{"start":{"line":5,"column":42},"end":{"line":116,"column":1}},"line":5},"1":{"name":"(anonymous_1)","decl":{"start":{"line":10,"column":22},"end":{"line":10,"column":23}},"loc":{"start":{"line":10,"column":28},"end":{"line":10,"column":50}},"line":10},"2":{"name":"(anonymous_2)","decl":{"start":{"line":11,"column":24},"end":{"line":11,"column":25}},"loc":{"start":{"line":11,"column":30},"end":{"line":11,"column":56}},"line":11},"3":{"name":"(anonymous_3)","decl":{"start":{"line":31,"column":59},"end":{"line":31,"column":60}},"loc":{"start":{"line":31,"column":99},"end":{"line":31,"column":117}},"line":31},"4":{"name":"(anonymous_4)","decl":{"start":{"line":48,"column":59},"end":{"line":48,"column":60}},"loc":{"start":{"line":48,"column":99},"end":{"line":48,"column":117}},"line":48}},"branchMap":{},"s":{"0":0,"1":0,"2":0,"3":0,"4":0,"5":0,"6":0,"7":0,"8":0,"9":0},"f":{"0":0,"1":0,"2":0,"3":0,"4":0},"b":{}}
,"C:\\Users\\andre\\Desktop\\getrepo\\client-engagement-portal-front\\src\\components\\LoginComponent\\LoginComponent.tsx": {"path":"C:\\Users\\andre\\Desktop\\getrepo\\client-engagement-portal-front\\src\\components\\LoginComponent\\LoginComponent.tsx","statementMap":{"0":{"start":{"line":12,"column":53},"end":{"line":117,"column":1}},"1":{"start":{"line":14,"column":34},"end":{"line":14,"column":49}},"2":{"start":{"line":15,"column":32},"end":{"line":15,"column":47}},"3":{"start":{"line":18,"column":25},"end":{"line":65,"column":5}},"4":{"start":{"line":19,"column":8},"end":{"line":19,"column":31}},"5":{"start":{"line":20,"column":21},"end":{"line":20,"column":40}},"6":{"start":{"line":21,"column":8},"end":{"line":22,"column":36}},"7":{"start":{"line":22,"column":12},"end":{"line":22,"column":36}},"8":{"start":{"line":24,"column":33},"end":{"line":27,"column":9}},"9":{"start":{"line":29,"column":8},"end":{"line":63,"column":9}},"10":{"start":{"line":33,"column":16},"end":{"line":33,"column":84}},"11":{"start":{"line":39,"column":12},"end":{"line":51,"column":13}},"12":{"start":{"line":41,"column":20},"end":{"line":41,"column":36}},"13":{"start":{"line":42,"column":20},"end":{"line":42,"column":36}},"14":{"start":{"line":43,"column":20},"end":{"line":43,"column":26}},"15":{"start":{"line":45,"column":20},"end":{"line":45,"column":37}},"16":{"start":{"line":46,"column":20},"end":{"line":46,"column":35}},"17":{"start":{"line":47,"column":20},"end":{"line":47,"column":26}},"18":{"start":{"line":49,"column":20},"end":{"line":49,"column":37}},"19":{"start":{"line":50,"column":20},"end":{"line":50,"column":35}},"20":{"start":{"line":62,"column":12},"end":{"line":62,"column":53}},"21":{"start":{"line":68,"column":4},"end":{"line":116,"column":6}},"22":{"start":{"line":129,"column":8},"end":{"line":129,"column":30}},"23":{"start":{"line":130,"column":8},"end":{"line":130,"column":34}},"24":{"start":{"line":131,"column":8},"end":{"line":131,"column":34}},"25":{"start":{"line":132,"column":8},"end":{"line":132,"column":28}},"26":{"start":{"line":133,"column":8},"end":{"line":133,"column":27}},"27":{"start":{"line":134,"column":8},"end":{"line":134,"column":37}},"28":{"start":{"line":135,"column":8},"end":{"line":135,"column":96}}},"fnMap":{"0":{"name":"(anonymous_0)","decl":{"start":{"line":12,"column":53},"end":{"line":12,"column":54}},"loc":{"start":{"line":12,"column":77},"end":{"line":117,"column":1}},"line":12},"1":{"name":"(anonymous_1)","decl":{"start":{"line":18,"column":25},"end":{"line":18,"column":26}},"loc":{"start":{"line":18,"column":47},"end":{"line":65,"column":5}},"line":18},"2":{"name":"(anonymous_2)","decl":{"start":{"line":128,"column":4},"end":{"line":128,"column":5}},"loc":{"start":{"line":128,"column":18},"end":{"line":136,"column":5}},"line":128}},"branchMap":{"0":{"loc":{"start":{"line":21,"column":8},"end":{"line":22,"column":36}},"type":"if","locations":[{"start":{"line":21,"column":8},"end":{"line":22,"column":36}},{"start":{"line":21,"column":8},"end":{"line":22,"column":36}}],"line":21},"1":{"loc":{"start":{"line":39,"column":12},"end":{"line":51,"column":13}},"type":"switch","locations":[{"start":{"line":40,"column":16},"end":{"line":43,"column":26}},{"start":{"line":44,"column":16},"end":{"line":47,"column":26}},{"start":{"line":48,"column":16},"end":{"line":50,"column":35}}],"line":39},"2":{"loc":{"start":{"line":70,"column":13},"end":{"line":113,"column":23}},"type":"cond-expr","locations":[{"start":{"line":70,"column":24},"end":{"line":70,"column":47}},{"start":{"line":70,"column":50},"end":{"line":113,"column":23}}],"line":70},"3":{"loc":{"start":{"line":70,"column":50},"end":{"line":113,"column":23}},"type":"cond-expr","locations":[{"start":{"line":70,"column":60},"end":{"line":70,"column":84}},{"start":{"line":71,"column":16},"end":{"line":113,"column":23}}],"line":70}},"s":{"0":0,"1":0,"2":0,"3":0,"4":0,"5":0,"6":0,"7":0,"8":0,"9":0,"10":0,"11":0,"12":0,"13":0,"14":0,"15":0,"16":0,"17":0,"18":0,"19":0,"20":0,"21":0,"22":0,"23":0,"24":0,"25":0,"26":0,"27":0,"28":0},"f":{"0":0,"1":0,"2":0},"b":{"0":[0,0],"1":[0,0,0],"2":[0,0],"3":[0,0]}}
,"C:\\Users\\andre\\Desktop\\getrepo\\client-engagement-portal-front\\src\\components\\NavBar\\NavBar.tsx": {"path":"C:\\Users\\andre\\Desktop\\getrepo\\client-engagement-portal-front\\src\\components\\NavBar\\NavBar.tsx","statementMap":{"0":{"start":{"line":9,"column":37},"end":{"line":45,"column":1}},"1":{"start":{"line":10,"column":42},"end":{"line":10,"column":57}},"2":{"start":{"line":11,"column":34},"end":{"line":11,"column":49}},"3":{"start":{"line":13,"column":22},"end":{"line":13,"column":48}},"4":{"start":{"line":13,"column":28},"end":{"line":13,"column":48}},"5":{"start":{"line":14,"column":19},"end":{"line":14,"column":53}},"6":{"start":{"line":14,"column":25},"end":{"line":14,"column":53}},"7":{"start":{"line":16,"column":19},"end":{"line":20,"column":5}},"8":{"start":{"line":17,"column":8},"end":{"line":19,"column":44}},"9":{"start":{"line":18,"column":26},"end":{"line":18,"column":43}},"10":{"start":{"line":19,"column":26},"end":{"line":19,"column":42}},"11":{"start":{"line":22,"column":4},"end":{"line":44,"column":5}}},"fnMap":{"0":{"name":"(anonymous_0)","decl":{"start":{"line":9,"column":37},"end":{"line":9,"column":38}},"loc":{"start":{"line":9,"column":53},"end":{"line":45,"column":1}},"line":9},"1":{"name":"(anonymous_1)","decl":{"start":{"line":13,"column":22},"end":{"line":13,"column":23}},"loc":{"start":{"line":13,"column":28},"end":{"line":13,"column":48}},"line":13},"2":{"name":"(anonymous_2)","decl":{"start":{"line":14,"column":19},"end":{"line":14,"column":20}},"loc":{"start":{"line":14,"column":25},"end":{"line":14,"column":53}},"line":14},"3":{"name":"(anonymous_3)","decl":{"start":{"line":16,"column":19},"end":{"line":16,"column":20}},"loc":{"start":{"line":16,"column":25},"end":{"line":20,"column":5}},"line":16},"4":{"name":"(anonymous_4)","decl":{"start":{"line":18,"column":18},"end":{"line":18,"column":19}},"loc":{"start":{"line":18,"column":26},"end":{"line":18,"column":43}},"line":18},"5":{"name":"(anonymous_5)","decl":{"start":{"line":19,"column":19},"end":{"line":19,"column":20}},"loc":{"start":{"line":19,"column":26},"end":{"line":19,"column":42}},"line":19}},"branchMap":{},"s":{"0":0,"1":0,"2":0,"3":0,"4":0,"5":0,"6":0,"7":0,"8":0,"9":0,"10":0,"11":0},"f":{"0":0,"1":0,"2":0,"3":0,"4":0,"5":0},"b":{}}
,"C:\\Users\\andre\\Desktop\\getrepo\\client-engagement-portal-front\\src\\components\\NewClientButton\\NewClientButton.tsx": {"path":"C:\\Users\\andre\\Desktop\\getrepo\\client-engagement-portal-front\\src\\components\\NewClientButton\\NewClientButton.tsx","statementMap":{"0":{"start":{"line":24,"column":46},"end":{"line":242,"column":1}},"1":{"start":{"line":25,"column":28},"end":{"line":25,"column":43}},"2":{"start":{"line":34,"column":17},"end":{"line":34,"column":39}},"3":{"start":{"line":34,"column":23},"end":{"line":34,"column":39}},"4":{"start":{"line":47,"column":23},"end":{"line":110,"column":3}},"5":{"start":{"line":48,"column":4},"end":{"line":48,"column":27}},"6":{"start":{"line":58,"column":18},"end":{"line":58,"column":52}},"7":{"start":{"line":59,"column":21},"end":{"line":59,"column":58}},"8":{"start":{"line":60,"column":17},"end":{"line":60,"column":52}},"9":{"start":{"line":66,"column":4},"end":{"line":66,"column":78}},"10":{"start":{"line":67,"column":22},"end":{"line":67,"column":44}},"11":{"start":{"line":68,"column":20},"end":{"line":74,"column":6}},"12":{"start":{"line":69,"column":6},"end":{"line":73,"column":7}},"13":{"start":{"line":70,"column":8},"end":{"line":70,"column":21}},"14":{"start":{"line":72,"column":8},"end":{"line":72,"column":20}},"15":{"start":{"line":78,"column":4},"end":{"line":81,"column":5}},"16":{"start":{"line":79,"column":6},"end":{"line":79,"column":80}},"17":{"start":{"line":80,"column":6},"end":{"line":80,"column":18}},"18":{"start":{"line":83,"column":4},"end":{"line":83,"column":21}},"19":{"start":{"line":85,"column":4},"end":{"line":109,"column":5}},"20":{"start":{"line":86,"column":27},"end":{"line":92,"column":8}},"21":{"start":{"line":94,"column":6},"end":{"line":103,"column":8}},"22":{"start":{"line":108,"column":6},"end":{"line":108,"column":47}},"23":{"start":{"line":112,"column":40},"end":{"line":112,"column":58}},"24":{"start":{"line":120,"column":21},"end":{"line":121,"column":38}},"25":{"start":{"line":121,"column":4},"end":{"line":121,"column":38}},"26":{"start":{"line":123,"column":2},"end":{"line":241,"column":4}},"27":{"start":{"line":173,"column":12},"end":{"line":173,"column":31}}},"fnMap":{"0":{"name":"(anonymous_0)","decl":{"start":{"line":24,"column":46},"end":{"line":24,"column":47}},"loc":{"start":{"line":24,"column":52},"end":{"line":242,"column":1}},"line":24},"1":{"name":"(anonymous_1)","decl":{"start":{"line":34,"column":17},"end":{"line":34,"column":18}},"loc":{"start":{"line":34,"column":23},"end":{"line":34,"column":39}},"line":34},"2":{"name":"(anonymous_2)","decl":{"start":{"line":47,"column":23},"end":{"line":47,"column":24}},"loc":{"start":{"line":47,"column":74},"end":{"line":110,"column":3}},"line":47},"3":{"name":"(anonymous_3)","decl":{"start":{"line":68,"column":41},"end":{"line":68,"column":42}},"loc":{"start":{"line":68,"column":59},"end":{"line":74,"column":5}},"line":68},"4":{"name":"(anonymous_4)","decl":{"start":{"line":120,"column":21},"end":{"line":120,"column":22}},"loc":{"start":{"line":121,"column":4},"end":{"line":121,"column":38}},"line":121},"5":{"name":"(anonymous_5)","decl":{"start":{"line":172,"column":20},"end":{"line":172,"column":21}},"loc":{"start":{"line":173,"column":12},"end":{"line":173,"column":31}},"line":173}},"branchMap":{"0":{"loc":{"start":{"line":69,"column":6},"end":{"line":73,"column":7}},"type":"if","locations":[{"start":{"line":69,"column":6},"end":{"line":73,"column":7}},{"start":{"line":69,"column":6},"end":{"line":73,"column":7}}],"line":69},"1":{"loc":{"start":{"line":78,"column":4},"end":{"line":81,"column":5}},"type":"if","locations":[{"start":{"line":78,"column":4},"end":{"line":81,"column":5}},{"start":{"line":78,"column":4},"end":{"line":81,"column":5}}],"line":78},"2":{"loc":{"start":{"line":198,"column":13},"end":{"line":205,"column":13}},"type":"cond-expr","locations":[{"start":{"line":199,"column":14},"end":{"line":202,"column":26}},{"start":{"line":204,"column":14},"end":{"line":204,"column":19}}],"line":198}},"s":{"0":1,"1":5,"2":5,"3":1,"4":5,"5":0,"6":0,"7":0,"8":0,"9":0,"10":0,"11":0,"12":0,"13":0,"14":0,"15":0,"16":0,"17":0,"18":0,"19":0,"20":0,"21":0,"22":0,"23":5,"24":5,"25":0,"26":5,"27":0},"f":{"0":5,"1":1,"2":0,"3":0,"4":0,"5":0},"b":{"0":[0,0],"1":[0,0],"2":[5,0]},"_coverageSchema":"1a1c01bbd47fc00a2c39e90264f33305004495a9","hash":"380fe4680ab0abdbe4546310f7934850c0f273e7"}
,"C:\\Users\\andre\\Desktop\\getrepo\\client-engagement-portal-front\\src\\components\\PlanInterventionModal\\PlanInterventionModal.tsx": {"path":"C:\\Users\\andre\\Desktop\\getrepo\\client-engagement-portal-front\\src\\components\\PlanInterventionModal\\PlanInterventionModal.tsx","statementMap":{"0":{"start":{"line":16,"column":30},"end":{"line":46,"column":1}},"1":{"start":{"line":18,"column":28},"end":{"line":18,"column":122}},"2":{"start":{"line":19,"column":26},"end":{"line":19,"column":91}},"3":{"start":{"line":21,"column":4},"end":{"line":45,"column":5}},"4":{"start":{"line":28,"column":73},"end":{"line":28,"column":88}}},"fnMap":{"0":{"name":"(anonymous_0)","decl":{"start":{"line":16,"column":30},"end":{"line":16,"column":31}},"loc":{"start":{"line":16,"column":48},"end":{"line":46,"column":1}},"line":16},"1":{"name":"(anonymous_1)","decl":{"start":{"line":28,"column":67},"end":{"line":28,"column":68}},"loc":{"start":{"line":28,"column":73},"end":{"line":28,"column":88}},"line":28}},"branchMap":{"0":{"loc":{"start":{"line":18,"column":28},"end":{"line":18,"column":122}},"type":"cond-expr","locations":[{"start":{"line":18,"column":41},"end":{"line":18,"column":79}},{"start":{"line":18,"column":82},"end":{"line":18,"column":122}}],"line":18},"1":{"loc":{"start":{"line":19,"column":26},"end":{"line":19,"column":91}},"type":"cond-expr","locations":[{"start":{"line":19,"column":39},"end":{"line":19,"column":62}},{"start":{"line":19,"column":65},"end":{"line":19,"column":91}}],"line":19}},"s":{"0":0,"1":0,"2":0,"3":0,"4":0},"f":{"0":0,"1":0},"b":{"0":[0,0],"1":[0,0]}}
,"C:\\Users\\andre\\Desktop\\getrepo\\client-engagement-portal-front\\src\\components\\RequestBatchCard\\RequestBatchCard.tsx": {"path":"C:\\Users\\andre\\Desktop\\getrepo\\client-engagement-portal-front\\src\\components\\RequestBatchCard\\RequestBatchCard.tsx","statementMap":{"0":{"start":{"line":8,"column":25},"end":{"line":20,"column":1}},"1":{"start":{"line":10,"column":33},"end":{"line":10,"column":222}},"2":{"start":{"line":12,"column":4},"end":{"line":19,"column":5}}},"fnMap":{"0":{"name":"(anonymous_0)","decl":{"start":{"line":8,"column":25},"end":{"line":8,"column":26}},"loc":{"start":{"line":8,"column":43},"end":{"line":20,"column":1}},"line":8}},"branchMap":{},"s":{"0":0,"1":0,"2":0},"f":{"0":0},"b":{}}
,"C:\\Users\\andre\\Desktop\\getrepo\\client-engagement-portal-front\\src\\components\\RequestBatchCard\\RequestBatchCardModal.tsx": {"path":"C:\\Users\\andre\\Desktop\\getrepo\\client-engagement-portal-front\\src\\components\\RequestBatchCard\\RequestBatchCardModal.tsx","statementMap":{"0":{"start":{"line":8,"column":30},"end":{"line":15,"column":1}},"1":{"start":{"line":9,"column":4},"end":{"line":14,"column":5}}},"fnMap":{"0":{"name":"(anonymous_0)","decl":{"start":{"line":8,"column":30},"end":{"line":8,"column":31}},"loc":{"start":{"line":8,"column":48},"end":{"line":15,"column":1}},"line":8}},"branchMap":{},"s":{"0":0,"1":0},"f":{"0":0},"b":{}}
,"C:\\Users\\andre\\Desktop\\getrepo\\client-engagement-portal-front\\src\\util\\axiosConfig.ts": {"path":"C:\\Users\\andre\\Desktop\\getrepo\\client-engagement-portal-front\\src\\util\\axiosConfig.ts","statementMap":{"0":{"start":{"line":3,"column":29},"end":{"line":5,"column":2}}},"fnMap":{},"branchMap":{},"s":{"0":0},"f":{},"b":{}}
,"C:\\Users\\andre\\Desktop\\getrepo\\client-engagement-portal-front\\src\\views\\AdminPage\\AdminPage.tsx": {"path":"C:\\Users\\andre\\Desktop\\getrepo\\client-engagement-portal-front\\src\\views\\AdminPage\\AdminPage.tsx","statementMap":{"0":{"start":{"line":7,"column":35},"end":{"line":35,"column":1}},"1":{"start":{"line":8,"column":4},"end":{"line":34,"column":6}}},"fnMap":{"0":{"name":"(anonymous_0)","decl":{"start":{"line":7,"column":35},"end":{"line":7,"column":36}},"loc":{"start":{"line":7,"column":41},"end":{"line":35,"column":1}},"line":7}},"branchMap":{},"s":{"0":0,"1":0},"f":{"0":0},"b":{}}
,"C:\\Users\\andre\\Desktop\\getrepo\\client-engagement-portal-front\\src\\views\\HomePage\\HomePage.tsx": {"path":"C:\\Users\\andre\\Desktop\\getrepo\\client-engagement-portal-front\\src\\views\\HomePage\\HomePage.tsx","statementMap":{"0":{"start":{"line":11,"column":44},"end":{"line":65,"column":1}},"1":{"start":{"line":13,"column":40},"end":{"line":13,"column":54}},"2":{"start":{"line":14,"column":62},"end":{"line":14,"column":77}},"3":{"start":{"line":16,"column":4},"end":{"line":64,"column":5}},"4":{"start":{"line":20,"column":45},"end":{"line":20,"column":65}},"5":{"start":{"line":21,"column":45},"end":{"line":21,"column":64}},"6":{"start":{"line":25,"column":35},"end":{"line":25,"column":83}}},"fnMap":{"0":{"name":"(anonymous_0)","decl":{"start":{"line":11,"column":44},"end":{"line":11,"column":45}},"loc":{"start":{"line":11,"column":50},"end":{"line":65,"column":1}},"line":11},"1":{"name":"(anonymous_1)","decl":{"start":{"line":20,"column":39},"end":{"line":20,"column":40}},"loc":{"start":{"line":20,"column":45},"end":{"line":20,"column":65}},"line":20},"2":{"name":"(anonymous_2)","decl":{"start":{"line":21,"column":39},"end":{"line":21,"column":40}},"loc":{"start":{"line":21,"column":45},"end":{"line":21,"column":64}},"line":21},"3":{"name":"(anonymous_3)","decl":{"start":{"line":25,"column":29},"end":{"line":25,"column":30}},"loc":{"start":{"line":25,"column":35},"end":{"line":25,"column":83}},"line":25}},"branchMap":{"0":{"loc":{"start":{"line":29,"column":13},"end":{"line":60,"column":40}},"type":"cond-expr","locations":[{"start":{"line":31,"column":12},"end":{"line":57,"column":18}},{"start":{"line":59,"column":12},"end":{"line":60,"column":40}}],"line":29}},"s":{"0":0,"1":0,"2":0,"3":0,"4":0,"5":0,"6":0},"f":{"0":0,"1":0,"2":0,"3":0},"b":{"0":[0,0]}}
,"C:\\Users\\andre\\Desktop\\getrepo\\client-engagement-portal-front\\src\\views\\LoginPage\\LoginPage.tsx": {"path":"C:\\Users\\andre\\Desktop\\getrepo\\client-engagement-portal-front\\src\\views\\LoginPage\\LoginPage.tsx","statementMap":{"0":{"start":{"line":6,"column":45},"end":{"line":27,"column":1}},"1":{"start":{"line":7,"column":4},"end":{"line":26,"column":6}}},"fnMap":{"0":{"name":"(anonymous_0)","decl":{"start":{"line":6,"column":45},"end":{"line":6,"column":46}},"loc":{"start":{"line":6,"column":51},"end":{"line":27,"column":1}},"line":6}},"branchMap":{},"s":{"0":0,"1":0},"f":{"0":0},"b":{}}
}
