TN:
SF:src\App.tsx
FN:16,App
FN:22,(anonymous_1)
FNF:2
FNH:1
FNDA:1,App
FNDA:0,(anonymous_1)
DA:14,1
DA:17,1
DA:22,0
LF:3
LH:2
BRF:0
BRH:0
end_of_record
TN:
SF:src\Store.ts
FNF:0
FNH:0
DA:5,1
DA:11,1
LF:2
LH:2
BRDA:5,0,0,1
BRDA:5,0,1,1
BRF:2
BRH:2
end_of_record
TN:
SF:src\aws-exports.js
FNF:0
FNH:0
DA:4,1
LF:1
LH:1
BRF:0
BRH:0
end_of_record
TN:
SF:src\reportWebVitals.ts
FN:3,(anonymous_0)
FN:5,(anonymous_1)
FNF:2
FNH:0
FNDA:0,(anonymous_0)
FNDA:0,(anonymous_1)
DA:3,0
DA:4,0
DA:5,0
DA:6,0
DA:7,0
DA:8,0
DA:9,0
DA:10,0
LF:8
LH:0
BRDA:4,0,0,0
BRDA:4,0,1,0
BRDA:4,1,0,0
BRDA:4,1,1,0
BRF:4
BRH:0
end_of_record
TN:
SF:src\_reducers\BatchReducer.ts
FN:26,(anonymous_0)
FNF:1
FNH:1
FNDA:3,(anonymous_0)
DA:12,1
DA:26,1
DA:27,3
DA:30,0
DA:31,0
DA:34,0
DA:37,3
LF:7
LH:4
BRDA:26,0,0,3
BRDA:27,1,0,0
BRDA:27,1,1,3
BRDA:30,2,0,0
BRDA:30,2,1,0
BRF:5
BRH:2
end_of_record
TN:
SF:src\_reducers\NotificationReducer.ts
FN:25,(anonymous_0)
FN:51,(anonymous_1)
FNF:2
FNH:2
FNDA:6,(anonymous_0)
FNDA:1,(anonymous_1)
DA:11,2
DA:25,2
DA:26,6
DA:34,0
DA:36,1
DA:37,0
DA:39,1
DA:46,1
DA:48,1
DA:49,0
DA:51,1
DA:53,1
DA:55,1
DA:57,4
LF:14
LH:11
BRDA:25,0,0,5
BRDA:26,1,0,0
BRDA:26,1,1,1
BRDA:26,1,2,1
BRDA:26,1,3,4
BRDA:36,2,0,0
BRDA:36,2,1,1
BRDA:48,3,0,0
BRDA:48,3,1,1
BRF:9
BRH:6
end_of_record
TN:
SF:src\_reducers\UserReducer.ts
FN:32,(anonymous_0)
FNF:1
FNH:1
FNDA:3,(anonymous_0)
DA:23,1
DA:32,1
DA:33,3
DA:35,0
DA:36,0
DA:38,0
DA:40,0
DA:41,0
DA:43,0
DA:45,3
LF:10
LH:4
BRDA:32,0,0,3
BRDA:33,1,0,0
BRDA:33,1,1,0
BRDA:33,1,2,3
BRDA:35,2,0,0
BRDA:35,2,1,0
BRDA:40,3,0,0
BRDA:40,3,1,0
BRF:8
BRH:2
end_of_record
TN:
SF:src\_reducers\index.ts
FNF:0
FNH:0
DA:15,1
LF:1
LH:1
BRF:0
BRH:0
end_of_record
TN:
SF:src\actions\BatchCardActions.ts
FN:3,(anonymous_0)
FNF:1
FNH:0
FNDA:0,(anonymous_0)
DA:1,1
DA:3,1
LF:2
LH:2
BRF:0
BRH:0
end_of_record
TN:
SF:src\components\BatchCard\BatchCard.tsx
FN:26,(anonymous_0)
FN:36,(anonymous_1)
FN:92,(anonymous_2)
FNF:3
FNH:1
FNDA:3,(anonymous_0)
FNDA:0,(anonymous_1)
FNDA:0,(anonymous_2)
DA:26,2
DA:28,3
DA:36,3
DA:37,0
DA:43,0
DA:47,3
DA:48,3
DA:50,3
DA:52,0
DA:54,0
DA:56,0
DA:58,0
DA:60,0
DA:62,0
DA:64,0
DA:66,0
DA:68,0
DA:70,0
DA:72,0
DA:74,0
DA:76,0
DA:78,0
DA:81,3
DA:92,0
LF:24
LH:7
BRDA:48,0,0,3
BRDA:48,0,1,0
BRDA:52,1,0,0
BRDA:52,1,1,0
BRDA:56,2,0,0
BRDA:56,2,1,0
BRDA:60,3,0,0
BRDA:60,3,1,0
BRDA:64,4,0,0
BRDA:64,4,1,0
BRDA:68,5,0,0
BRDA:68,5,1,0
BRDA:72,6,0,0
BRDA:72,6,1,0
BRDA:76,7,0,0
BRDA:76,7,1,0
BRDA:94,8,0,0
BRDA:94,8,1,3
BRF:18
BRH:2
end_of_record
TN:
SF:src\components\BatchForms\BatchForms.tsx
FN:10,(anonymous_0)
FN:15,(anonymous_1)
FN:16,(anonymous_2)
FN:27,(anonymous_3)
FN:49,(anonymous_4)
FN:73,(anonymous_5)
FN:83,(anonymous_6)
FN:91,(anonymous_7)
FN:101,(anonymous_8)
FN:127,(anonymous_9)
FN:151,(anonymous_10)
FNF:11
FNH:0
FNDA:0,(anonymous_0)
FNDA:0,(anonymous_1)
FNDA:0,(anonymous_2)
FNDA:0,(anonymous_3)
FNDA:0,(anonymous_4)
FNDA:0,(anonymous_5)
FNDA:0,(anonymous_6)
FNDA:0,(anonymous_7)
FNDA:0,(anonymous_8)
FNDA:0,(anonymous_9)
FNDA:0,(anonymous_10)
DA:10,1
DA:12,0
DA:13,0
DA:15,0
DA:16,0
DA:18,0
DA:27,0
DA:28,0
DA:29,0
DA:30,0
DA:32,0
DA:33,0
DA:34,0
DA:41,0
DA:49,0
DA:50,0
DA:54,0
DA:73,0
DA:84,0
DA:91,0
DA:102,0
DA:128,0
DA:152,0
LF:23
LH:1
BRF:0
BRH:0
end_of_record
TN:
SF:src\components\BatchInformation\BatchInformation.tsx
FN:20,(anonymous_0)
FNF:1
FNH:0
FNDA:0,(anonymous_0)
DA:20,1
DA:22,0
DA:46,0
LF:3
LH:1
BRF:0
BRH:0
end_of_record
TN:
SF:src\components\LoginComponent\LoginComponent.tsx
FN:19,(anonymous_0)
FN:33,(anonymous_1)
FN:120,(anonymous_2)
FNF:3
FNH:2
FNDA:3,(anonymous_0)
FNDA:0,(anonymous_1)
FNDA:6,(anonymous_2)
DA:19,2
DA:21,3
DA:22,3
DA:33,3
DA:34,0
DA:35,0
DA:36,0
DA:37,0
DA:39,0
DA:44,0
DA:45,0
DA:49,0
DA:51,0
DA:52,0
DA:53,0
DA:55,0
DA:56,0
DA:57,0
DA:59,0
DA:60,0
DA:63,0
DA:68,3
DA:121,6
DA:122,6
DA:123,6
DA:124,6
DA:125,6
DA:126,6
DA:127,6
LF:29
LH:12
BRDA:36,0,0,0
BRDA:36,0,1,0
BRDA:49,1,0,0
BRDA:49,1,1,0
BRDA:49,1,2,0
BRDA:70,2,0,0
BRDA:70,2,1,3
BRDA:70,3,0,0
BRDA:70,3,1,3
BRF:9
BRH:2
end_of_record
TN:
SF:src\components\NavBar\NavBar.tsx
FN:16,(anonymous_0)
FN:20,(anonymous_1)
FN:21,(anonymous_2)
FN:27,(anonymous_3)
FN:29,(anonymous_4)
FN:30,(anonymous_5)
FNF:6
FNH:0
FNDA:0,(anonymous_0)
FNDA:0,(anonymous_1)
FNDA:0,(anonymous_2)
FNDA:0,(anonymous_3)
FNDA:0,(anonymous_4)
FNDA:0,(anonymous_5)
DA:16,1
DA:17,0
DA:18,0
DA:20,0
DA:21,0
DA:27,0
DA:28,0
DA:29,0
DA:30,0
DA:33,0
LF:10
LH:1
BRF:0
BRH:0
end_of_record
TN:
SF:src\components\NewClientButton\NewClientButton.tsx
FN:28,(anonymous_0)
FN:38,(anonymous_1)
FN:51,(anonymous_2)
FN:72,(anonymous_3)
FN:124,(anonymous_4)
FN:156,(anonymous_5)
FNF:6
FNH:1
FNDA:2,(anonymous_0)
FNDA:0,(anonymous_1)
FNDA:0,(anonymous_2)
FNDA:0,(anonymous_3)
FNDA:0,(anonymous_4)
FNDA:0,(anonymous_5)
DA:28,2
DA:29,2
DA:38,2
DA:51,2
DA:52,0
DA:62,0
DA:63,0
DA:64,0
DA:70,0
DA:71,0
DA:72,0
DA:73,0
DA:74,0
DA:76,0
DA:82,0
DA:83,0
DA:84,0
DA:86,0
DA:87,0
DA:89,0
DA:90,0
DA:98,0
DA:112,0
DA:116,2
DA:124,2
DA:125,0
DA:127,2
DA:156,0
LF:28
LH:7
BRDA:73,0,0,0
BRDA:73,0,1,0
BRDA:82,1,0,0
BRDA:82,1,1,0
BRDA:179,2,0,2
BRDA:179,2,1,0
BRF:6
BRH:1
end_of_record
TN:
SF:src\components\Notifications\NotificationActions.tsx
FN:4,(anonymous_0)
FN:20,(anonymous_1)
FN:34,(anonymous_2)
FNF:3
FNH:3
FNDA:1,(anonymous_0)
FNDA:1,(anonymous_1)
FNDA:1,(anonymous_2)
DA:4,1
DA:5,1
DA:20,1
DA:21,1
DA:34,1
DA:35,1
LF:6
LH:6
BRF:0
BRH:0
end_of_record
TN:
SF:src\components\Notifications\Notifications.tsx
FN:17,(anonymous_0)
FN:27,(anonymous_1)
FN:51,(anonymous_2)
FNF:3
FNH:3
FNDA:1,(anonymous_0)
FNDA:1,(anonymous_1)
FNDA:1,(anonymous_2)
DA:17,2
DA:19,1
DA:28,1
DA:51,2
DA:52,1
LF:5
LH:5
BRF:0
BRH:0
end_of_record
TN:
SF:src\components\PlanInterventionModal\PlanInterventionModal.tsx
FN:18,(anonymous_0)
FN:30,(anonymous_1)
FNF:2
FNH:0
FNDA:0,(anonymous_0)
FNDA:0,(anonymous_1)
DA:18,1
DA:20,0
DA:21,0
DA:23,0
DA:30,0
LF:5
LH:1
BRDA:20,0,0,0
BRDA:20,0,1,0
BRDA:21,1,0,0
BRDA:21,1,1,0
BRF:4
BRH:0
end_of_record
TN:
SF:src\components\RequestBatchCard\RequestBatchCard.tsx
FN:8,(anonymous_0)
FNF:1
FNH:0
FNDA:0,(anonymous_0)
DA:8,1
DA:10,0
DA:12,0
LF:3
LH:1
BRF:0
BRH:0
end_of_record
TN:
SF:src\components\RequestBatchCard\RequestBatchCardModal.tsx
FN:8,(anonymous_0)
FNF:1
FNH:0
FNDA:0,(anonymous_0)
DA:8,1
DA:9,0
LF:2
LH:1
BRF:0
BRH:0
end_of_record
TN:
SF:src\util\axiosConfig.ts
FN:5,(anonymous_0)
FN:10,(anonymous_1)
FN:30,(anonymous_2)
FN:31,(anonymous_3)
FNF:4
FNH:0
FNDA:0,(anonymous_0)
FNDA:0,(anonymous_1)
FNDA:0,(anonymous_2)
FNDA:0,(anonymous_3)
DA:5,0
DA:8,0
DA:10,0
DA:12,0
DA:30,0
DA:31,0
DA:32,0
LF:7
LH:0
BRF:0
BRH:0
end_of_record
TN:
SF:src\views\AdminPage\AdminPage.tsx
FN:13,(anonymous_0)
FNF:1
FNH:0
FNDA:0,(anonymous_0)
DA:13,1
DA:14,0
LF:2
LH:1
BRF:0
BRH:0
end_of_record
TN:
SF:src\views\BatchInformationPage\BatchInformationPage.tsx
FN:12,(anonymous_0)
FNF:1
FNH:0
FNDA:0,(anonymous_0)
DA:12,1
DA:13,0
LF:2
LH:1
BRF:0
BRH:0
end_of_record
TN:
SF:src\views\HomePage\HomePage.tsx
FN:29,(anonymous_0)
FN:41,(anonymous_1)
FN:53,(anonymous_2)
FN:65,(anonymous_3)
FN:94,(anonymous_4)
FN:94,(anonymous_5)
FN:105,(anonymous_6)
FN:122,(anonymous_7)
FN:137,(anonymous_8)
FN:138,(anonymous_9)
FN:139,(anonymous_10)
FN:143,(anonymous_11)
FN:162,(anonymous_12)
FN:190,(anonymous_13)
FNF:14
FNH:0
FNDA:0,(anonymous_0)
FNDA:0,(anonymous_1)
FNDA:0,(anonymous_2)
FNDA:0,(anonymous_3)
FNDA:0,(anonymous_4)
FNDA:0,(anonymous_5)
FNDA:0,(anonymous_6)
FNDA:0,(anonymous_7)
FNDA:0,(anonymous_8)
FNDA:0,(anonymous_9)
FNDA:0,(anonymous_10)
FNDA:0,(anonymous_11)
FNDA:0,(anonymous_12)
FNDA:0,(anonymous_13)
DA:29,1
DA:31,0
DA:32,0
DA:33,0
DA:35,0
DA:41,0
DA:43,0
DA:46,0
DA:53,0
DA:55,0
DA:58,0
DA:65,0
DA:67,0
DA:70,0
DA:72,0
DA:80,0
DA:82,0
DA:94,0
DA:96,0
DA:99,0
DA:104,0
DA:107,0
DA:110,0
DA:112,0
DA:113,0
DA:117,0
DA:120,0
DA:123,0
DA:124,0
DA:127,0
DA:133,0
DA:137,0
DA:138,0
DA:139,0
DA:143,0
DA:163,0
DA:190,1
DA:191,0
LF:38
LH:2
BRDA:107,0,0,0
BRDA:107,0,1,0
BRDA:146,1,0,0
BRDA:146,1,1,0
BRDA:159,2,0,0
BRDA:159,2,1,0
BRDA:180,3,0,0
BRDA:180,3,1,0
BRF:8
BRH:0
end_of_record
TN:
SF:src\views\LoginPage\LoginPage.tsx
FN:11,(anonymous_0)
FNF:1
FNH:0
FNDA:0,(anonymous_0)
DA:11,1
DA:12,0
LF:2
LH:1
BRF:0
BRH:0
end_of_record
